2024-09-24 06:47:13,068 [Worker-7: Loading available Gradle versions] INFO  o.e.b.c.i.u.g.PublishedGradleVersions - Gradle version information cache is up-to-date. Trying to read.
2024-09-24 07:15:03,828 [ModalContext] INFO  o.e.m.c.i.e.AbstractTransferListenerAdapter - Downloading https://repo.maven.apache.org/maven2/org/apache/maven/archetypes/maven-archetype-simple/1.5/maven-archetype-simple-1.5.pom
2024-09-24 07:15:03,848 [ModalContext] INFO  o.e.m.c.i.e.AbstractTransferListenerAdapter - Downloaded https://repo.maven.apache.org/maven2/org/apache/maven/archetypes/maven-archetype-simple/1.5/maven-archetype-simple-1.5.pom
2024-09-24 07:15:03,906 [ModalContext] INFO  o.e.m.c.i.e.AbstractTransferListenerAdapter - Downloading https://repo.maven.apache.org/maven2/org/apache/maven/archetypes/maven-archetype-bundles/1.5/maven-archetype-bundles-1.5.pom
2024-09-24 07:15:03,911 [ModalContext] INFO  o.e.m.c.i.e.AbstractTransferListenerAdapter - Downloaded https://repo.maven.apache.org/maven2/org/apache/maven/archetypes/maven-archetype-bundles/1.5/maven-archetype-bundles-1.5.pom
2024-09-24 07:15:04,020 [ModalContext] INFO  o.e.m.c.i.e.AbstractTransferListenerAdapter - Downloading https://repo.maven.apache.org/maven2/org/apache/maven/maven-parent/43/maven-parent-43.pom
2024-09-24 07:15:04,090 [ModalContext] INFO  o.e.m.c.i.e.AbstractTransferListenerAdapter - Downloaded https://repo.maven.apache.org/maven2/org/apache/maven/maven-parent/43/maven-parent-43.pom
2024-09-24 07:15:04,150 [ModalContext] INFO  o.e.m.c.i.e.AbstractTransferListenerAdapter - Downloading https://repo.maven.apache.org/maven2/org/apache/apache/33/apache-33.pom
2024-09-24 07:15:04,175 [ModalContext] INFO  o.e.m.c.i.e.AbstractTransferListenerAdapter - Downloaded https://repo.maven.apache.org/maven2/org/apache/apache/33/apache-33.pom
2024-09-24 07:15:04,227 [ModalContext] INFO  o.e.m.c.i.e.AbstractTransferListenerAdapter - Downloading https://repo.maven.apache.org/maven2/org/junit/junit-bom/5.10.3/junit-bom-5.10.3.pom
2024-09-24 07:15:04,237 [ModalContext] INFO  o.e.m.c.i.e.AbstractTransferListenerAdapter - Downloaded https://repo.maven.apache.org/maven2/org/junit/junit-bom/5.10.3/junit-bom-5.10.3.pom
2024-09-24 07:15:04,360 [ModalContext] INFO  o.e.m.c.i.e.AbstractTransferListenerAdapter - Downloading https://repo.maven.apache.org/maven2/org/apache/maven/archetypes/maven-archetype-simple/1.5/maven-archetype-simple-1.5.jar
2024-09-24 07:15:04,364 [ModalContext] INFO  o.e.m.c.i.e.AbstractTransferListenerAdapter - Downloaded https://repo.maven.apache.org/maven2/org/apache/maven/archetypes/maven-archetype-simple/1.5/maven-archetype-simple-1.5.jar
2024-09-24 07:19:40,055 [Worker-27: Launching mavenrun-478a57ab-4b6e-4951-b284-1d184fab8706] INFO  o.eclipse.m2e.core.internal.Bundles - getClasspathEntries(Bundle=org.eclipse.m2e.maven.runtime_3.9.900.20240824-1409 [640])
2024-09-24 07:19:40,058 [Worker-27: Launching mavenrun-478a57ab-4b6e-4951-b284-1d184fab8706] INFO  o.eclipse.m2e.core.internal.Bundles - 	Entry: C:\Users\asada\.p2\pool\plugins\org.eclipse.m2e.maven.runtime_3.9.900.20240824-1409
2024-09-24 07:19:40,059 [Worker-27: Launching mavenrun-478a57ab-4b6e-4951-b284-1d184fab8706] INFO  o.eclipse.m2e.core.internal.Bundles - 	Entry: C:\Users\asada\.p2\pool\plugins\org.eclipse.m2e.maven.runtime_3.9.900.20240824-1409\jars\aopalliance-1.0.jar
2024-09-24 07:19:40,060 [Worker-27: Launching mavenrun-478a57ab-4b6e-4951-b284-1d184fab8706] INFO  o.eclipse.m2e.core.internal.Bundles - 	Entry: C:\Users\asada\.p2\pool\plugins\org.eclipse.m2e.maven.runtime_3.9.900.20240824-1409\jars\guice-5.1.0.jar
2024-09-24 07:19:40,060 [Worker-27: Launching mavenrun-478a57ab-4b6e-4951-b284-1d184fab8706] INFO  o.eclipse.m2e.core.internal.Bundles - 	Entry: C:\Users\asada\.p2\pool\plugins\org.eclipse.m2e.maven.runtime_3.9.900.20240824-1409\jars\httpclient-4.5.14.jar
2024-09-24 07:19:40,060 [Worker-27: Launching mavenrun-478a57ab-4b6e-4951-b284-1d184fab8706] INFO  o.eclipse.m2e.core.internal.Bundles - 	Entry: C:\Users\asada\.p2\pool\plugins\org.eclipse.m2e.maven.runtime_3.9.900.20240824-1409\jars\httpcore-4.4.16.jar
2024-09-24 07:19:40,060 [Worker-27: Launching mavenrun-478a57ab-4b6e-4951-b284-1d184fab8706] INFO  o.eclipse.m2e.core.internal.Bundles - 	Entry: C:\Users\asada\.p2\pool\plugins\org.eclipse.m2e.maven.runtime_3.9.900.20240824-1409\jars\jansi-2.4.1.jar
2024-09-24 07:19:40,061 [Worker-27: Launching mavenrun-478a57ab-4b6e-4951-b284-1d184fab8706] INFO  o.eclipse.m2e.core.internal.Bundles - 	Entry: C:\Users\asada\.p2\pool\plugins\org.eclipse.m2e.maven.runtime_3.9.900.20240824-1409\jars\jcl-over-slf4j-1.7.36.jar
2024-09-24 07:19:40,061 [Worker-27: Launching mavenrun-478a57ab-4b6e-4951-b284-1d184fab8706] INFO  o.eclipse.m2e.core.internal.Bundles - 	Entry: C:\Users\asada\.p2\pool\plugins\org.eclipse.m2e.maven.runtime_3.9.900.20240824-1409\jars\maven-artifact-3.9.9.jar
2024-09-24 07:19:40,061 [Worker-27: Launching mavenrun-478a57ab-4b6e-4951-b284-1d184fab8706] INFO  o.eclipse.m2e.core.internal.Bundles - 	Entry: C:\Users\asada\.p2\pool\plugins\org.eclipse.m2e.maven.runtime_3.9.900.20240824-1409\jars\maven-builder-support-3.9.9.jar
2024-09-24 07:19:40,061 [Worker-27: Launching mavenrun-478a57ab-4b6e-4951-b284-1d184fab8706] INFO  o.eclipse.m2e.core.internal.Bundles - 	Entry: C:\Users\asada\.p2\pool\plugins\org.eclipse.m2e.maven.runtime_3.9.900.20240824-1409\jars\maven-compat-3.9.9.jar
2024-09-24 07:19:40,061 [Worker-27: Launching mavenrun-478a57ab-4b6e-4951-b284-1d184fab8706] INFO  o.eclipse.m2e.core.internal.Bundles - 	Entry: C:\Users\asada\.p2\pool\plugins\org.eclipse.m2e.maven.runtime_3.9.900.20240824-1409\jars\maven-core-3.9.9.jar
2024-09-24 07:19:40,062 [Worker-27: Launching mavenrun-478a57ab-4b6e-4951-b284-1d184fab8706] INFO  o.eclipse.m2e.core.internal.Bundles - 	Entry: C:\Users\asada\.p2\pool\plugins\org.eclipse.m2e.maven.runtime_3.9.900.20240824-1409\jars\maven-embedder-3.9.9.jar
2024-09-24 07:19:40,062 [Worker-27: Launching mavenrun-478a57ab-4b6e-4951-b284-1d184fab8706] INFO  o.eclipse.m2e.core.internal.Bundles - 	Entry: C:\Users\asada\.p2\pool\plugins\org.eclipse.m2e.maven.runtime_3.9.900.20240824-1409\jars\maven-model-3.9.9.jar
2024-09-24 07:19:40,063 [Worker-27: Launching mavenrun-478a57ab-4b6e-4951-b284-1d184fab8706] INFO  o.eclipse.m2e.core.internal.Bundles - 	Entry: C:\Users\asada\.p2\pool\plugins\org.eclipse.m2e.maven.runtime_3.9.900.20240824-1409\jars\maven-model-builder-3.9.9.jar
2024-09-24 07:19:40,063 [Worker-27: Launching mavenrun-478a57ab-4b6e-4951-b284-1d184fab8706] INFO  o.eclipse.m2e.core.internal.Bundles - 	Entry: C:\Users\asada\.p2\pool\plugins\org.eclipse.m2e.maven.runtime_3.9.900.20240824-1409\jars\maven-plugin-api-3.9.9.jar
2024-09-24 07:19:40,063 [Worker-27: Launching mavenrun-478a57ab-4b6e-4951-b284-1d184fab8706] INFO  o.eclipse.m2e.core.internal.Bundles - 	Entry: C:\Users\asada\.p2\pool\plugins\org.eclipse.m2e.maven.runtime_3.9.900.20240824-1409\jars\maven-repository-metadata-3.9.9.jar
2024-09-24 07:19:40,064 [Worker-27: Launching mavenrun-478a57ab-4b6e-4951-b284-1d184fab8706] INFO  o.eclipse.m2e.core.internal.Bundles - 	Entry: C:\Users\asada\.p2\pool\plugins\org.eclipse.m2e.maven.runtime_3.9.900.20240824-1409\jars\maven-resolver-api-1.9.22.jar
2024-09-24 07:19:40,064 [Worker-27: Launching mavenrun-478a57ab-4b6e-4951-b284-1d184fab8706] INFO  o.eclipse.m2e.core.internal.Bundles - 	Entry: C:\Users\asada\.p2\pool\plugins\org.eclipse.m2e.maven.runtime_3.9.900.20240824-1409\jars\maven-resolver-connector-basic-1.9.22.jar
2024-09-24 07:19:40,064 [Worker-27: Launching mavenrun-478a57ab-4b6e-4951-b284-1d184fab8706] INFO  o.eclipse.m2e.core.internal.Bundles - 	Entry: C:\Users\asada\.p2\pool\plugins\org.eclipse.m2e.maven.runtime_3.9.900.20240824-1409\jars\maven-resolver-impl-1.9.22.jar
2024-09-24 07:19:40,064 [Worker-27: Launching mavenrun-478a57ab-4b6e-4951-b284-1d184fab8706] INFO  o.eclipse.m2e.core.internal.Bundles - 	Entry: C:\Users\asada\.p2\pool\plugins\org.eclipse.m2e.maven.runtime_3.9.900.20240824-1409\jars\maven-resolver-named-locks-1.9.22.jar
2024-09-24 07:19:40,065 [Worker-27: Launching mavenrun-478a57ab-4b6e-4951-b284-1d184fab8706] INFO  o.eclipse.m2e.core.internal.Bundles - 	Entry: C:\Users\asada\.p2\pool\plugins\org.eclipse.m2e.maven.runtime_3.9.900.20240824-1409\jars\maven-resolver-provider-3.9.9.jar
2024-09-24 07:19:40,065 [Worker-27: Launching mavenrun-478a57ab-4b6e-4951-b284-1d184fab8706] INFO  o.eclipse.m2e.core.internal.Bundles - 	Entry: C:\Users\asada\.p2\pool\plugins\org.eclipse.m2e.maven.runtime_3.9.900.20240824-1409\jars\maven-resolver-spi-1.9.22.jar
2024-09-24 07:19:40,065 [Worker-27: Launching mavenrun-478a57ab-4b6e-4951-b284-1d184fab8706] INFO  o.eclipse.m2e.core.internal.Bundles - 	Entry: C:\Users\asada\.p2\pool\plugins\org.eclipse.m2e.maven.runtime_3.9.900.20240824-1409\jars\maven-resolver-transport-file-1.9.22.jar
2024-09-24 07:19:40,065 [Worker-27: Launching mavenrun-478a57ab-4b6e-4951-b284-1d184fab8706] INFO  o.eclipse.m2e.core.internal.Bundles - 	Entry: C:\Users\asada\.p2\pool\plugins\org.eclipse.m2e.maven.runtime_3.9.900.20240824-1409\jars\maven-resolver-transport-http-1.9.22.jar
2024-09-24 07:19:40,066 [Worker-27: Launching mavenrun-478a57ab-4b6e-4951-b284-1d184fab8706] INFO  o.eclipse.m2e.core.internal.Bundles - 	Entry: C:\Users\asada\.p2\pool\plugins\org.eclipse.m2e.maven.runtime_3.9.900.20240824-1409\jars\maven-resolver-transport-wagon-1.9.22.jar
2024-09-24 07:19:40,066 [Worker-27: Launching mavenrun-478a57ab-4b6e-4951-b284-1d184fab8706] INFO  o.eclipse.m2e.core.internal.Bundles - 	Entry: C:\Users\asada\.p2\pool\plugins\org.eclipse.m2e.maven.runtime_3.9.900.20240824-1409\jars\maven-resolver-util-1.9.22.jar
2024-09-24 07:19:40,068 [Worker-27: Launching mavenrun-478a57ab-4b6e-4951-b284-1d184fab8706] INFO  o.eclipse.m2e.core.internal.Bundles - 	Entry: C:\Users\asada\.p2\pool\plugins\org.eclipse.m2e.maven.runtime_3.9.900.20240824-1409\jars\maven-settings-3.9.9.jar
2024-09-24 07:19:40,068 [Worker-27: Launching mavenrun-478a57ab-4b6e-4951-b284-1d184fab8706] INFO  o.eclipse.m2e.core.internal.Bundles - 	Entry: C:\Users\asada\.p2\pool\plugins\org.eclipse.m2e.maven.runtime_3.9.900.20240824-1409\jars\maven-settings-builder-3.9.9.jar
2024-09-24 07:19:40,068 [Worker-27: Launching mavenrun-478a57ab-4b6e-4951-b284-1d184fab8706] INFO  o.eclipse.m2e.core.internal.Bundles - 	Entry: C:\Users\asada\.p2\pool\plugins\org.eclipse.m2e.maven.runtime_3.9.900.20240824-1409\jars\maven-shared-utils-3.4.2.jar
2024-09-24 07:19:40,068 [Worker-27: Launching mavenrun-478a57ab-4b6e-4951-b284-1d184fab8706] INFO  o.eclipse.m2e.core.internal.Bundles - 	Entry: C:\Users\asada\.p2\pool\plugins\org.eclipse.m2e.maven.runtime_3.9.900.20240824-1409\jars\org.eclipse.sisu.inject-0.9.0.M3.jar
2024-09-24 07:19:40,069 [Worker-27: Launching mavenrun-478a57ab-4b6e-4951-b284-1d184fab8706] INFO  o.eclipse.m2e.core.internal.Bundles - 	Entry: C:\Users\asada\.p2\pool\plugins\org.eclipse.m2e.maven.runtime_3.9.900.20240824-1409\jars\org.eclipse.sisu.plexus-0.9.0.M3.jar
2024-09-24 07:19:40,069 [Worker-27: Launching mavenrun-478a57ab-4b6e-4951-b284-1d184fab8706] INFO  o.eclipse.m2e.core.internal.Bundles - 	Entry: C:\Users\asada\.p2\pool\plugins\org.eclipse.m2e.maven.runtime_3.9.900.20240824-1409\jars\plexus-build-api-0.0.7.jar
2024-09-24 07:19:40,069 [Worker-27: Launching mavenrun-478a57ab-4b6e-4951-b284-1d184fab8706] INFO  o.eclipse.m2e.core.internal.Bundles - 	Entry: C:\Users\asada\.p2\pool\plugins\org.eclipse.m2e.maven.runtime_3.9.900.20240824-1409\jars\plexus-build-api-1.2.0.jar
2024-09-24 07:19:40,070 [Worker-27: Launching mavenrun-478a57ab-4b6e-4951-b284-1d184fab8706] INFO  o.eclipse.m2e.core.internal.Bundles - 	Entry: C:\Users\asada\.p2\pool\plugins\org.eclipse.m2e.maven.runtime_3.9.900.20240824-1409\jars\plexus-cipher-2.0.jar
2024-09-24 07:19:40,070 [Worker-27: Launching mavenrun-478a57ab-4b6e-4951-b284-1d184fab8706] INFO  o.eclipse.m2e.core.internal.Bundles - 	Entry: C:\Users\asada\.p2\pool\plugins\org.eclipse.m2e.maven.runtime_3.9.900.20240824-1409\jars\plexus-classworlds-2.8.0.jar
2024-09-24 07:19:40,070 [Worker-27: Launching mavenrun-478a57ab-4b6e-4951-b284-1d184fab8706] INFO  o.eclipse.m2e.core.internal.Bundles - 	Entry: C:\Users\asada\.p2\pool\plugins\org.eclipse.m2e.maven.runtime_3.9.900.20240824-1409\jars\plexus-component-annotations-2.1.0.jar
2024-09-24 07:19:40,071 [Worker-27: Launching mavenrun-478a57ab-4b6e-4951-b284-1d184fab8706] INFO  o.eclipse.m2e.core.internal.Bundles - 	Entry: C:\Users\asada\.p2\pool\plugins\org.eclipse.m2e.maven.runtime_3.9.900.20240824-1409\jars\plexus-interpolation-1.27.jar
2024-09-24 07:19:40,071 [Worker-27: Launching mavenrun-478a57ab-4b6e-4951-b284-1d184fab8706] INFO  o.eclipse.m2e.core.internal.Bundles - 	Entry: C:\Users\asada\.p2\pool\plugins\org.eclipse.m2e.maven.runtime_3.9.900.20240824-1409\jars\plexus-sec-dispatcher-2.0.jar
2024-09-24 07:19:40,071 [Worker-27: Launching mavenrun-478a57ab-4b6e-4951-b284-1d184fab8706] INFO  o.eclipse.m2e.core.internal.Bundles - 	Entry: C:\Users\asada\.p2\pool\plugins\org.eclipse.m2e.maven.runtime_3.9.900.20240824-1409\jars\plexus-utils-3.5.1.jar
2024-09-24 07:19:40,071 [Worker-27: Launching mavenrun-478a57ab-4b6e-4951-b284-1d184fab8706] INFO  o.eclipse.m2e.core.internal.Bundles - 	Entry: C:\Users\asada\.p2\pool\plugins\org.eclipse.m2e.maven.runtime_3.9.900.20240824-1409\jars\plexus-xml-3.0.1.jar
2024-09-24 07:19:40,072 [Worker-27: Launching mavenrun-478a57ab-4b6e-4951-b284-1d184fab8706] INFO  o.eclipse.m2e.core.internal.Bundles - 	Entry: C:\Users\asada\.p2\pool\plugins\org.eclipse.m2e.maven.runtime_3.9.900.20240824-1409\jars\wagon-file-3.5.3.jar
2024-09-24 07:19:40,072 [Worker-27: Launching mavenrun-478a57ab-4b6e-4951-b284-1d184fab8706] INFO  o.eclipse.m2e.core.internal.Bundles - 	Entry: C:\Users\asada\.p2\pool\plugins\org.eclipse.m2e.maven.runtime_3.9.900.20240824-1409\jars\wagon-http-3.5.3.jar
2024-09-24 07:19:40,072 [Worker-27: Launching mavenrun-478a57ab-4b6e-4951-b284-1d184fab8706] INFO  o.eclipse.m2e.core.internal.Bundles - 	Entry: C:\Users\asada\.p2\pool\plugins\org.eclipse.m2e.maven.runtime_3.9.900.20240824-1409\jars\wagon-http-shared-3.5.3.jar
2024-09-24 07:19:40,072 [Worker-27: Launching mavenrun-478a57ab-4b6e-4951-b284-1d184fab8706] INFO  o.eclipse.m2e.core.internal.Bundles - 	Entry: C:\Users\asada\.p2\pool\plugins\org.eclipse.m2e.maven.runtime_3.9.900.20240824-1409\jars\wagon-provider-api-3.5.3.jar
2024-09-24 07:19:40,074 [Worker-27: Launching mavenrun-478a57ab-4b6e-4951-b284-1d184fab8706] INFO  o.eclipse.m2e.core.internal.Bundles - getClasspathEntries(Bundle=com.google.guava_33.3.0.jre [16])
2024-09-24 07:19:40,075 [Worker-27: Launching mavenrun-478a57ab-4b6e-4951-b284-1d184fab8706] INFO  o.eclipse.m2e.core.internal.Bundles - 	Entry: C:\Users\asada\.p2\pool\plugins\com.google.guava_33.3.0.jre.jar
2024-09-24 07:19:40,075 [Worker-27: Launching mavenrun-478a57ab-4b6e-4951-b284-1d184fab8706] INFO  o.eclipse.m2e.core.internal.Bundles - getClasspathEntries(Bundle=slf4j.api_2.0.16 [1005])
2024-09-24 07:19:40,075 [Worker-27: Launching mavenrun-478a57ab-4b6e-4951-b284-1d184fab8706] INFO  o.eclipse.m2e.core.internal.Bundles - 	Entry: C:\Users\asada\.p2\pool\plugins\slf4j.api_2.0.16.jar
2024-09-24 07:19:40,075 [Worker-27: Launching mavenrun-478a57ab-4b6e-4951-b284-1d184fab8706] INFO  o.eclipse.m2e.core.internal.Bundles - getClasspathEntries(Bundle=jakarta.inject.jakarta.inject-api_1.0.5 [34])
2024-09-24 07:19:40,075 [Worker-27: Launching mavenrun-478a57ab-4b6e-4951-b284-1d184fab8706] INFO  o.eclipse.m2e.core.internal.Bundles - 	Entry: C:\Users\asada\.p2\pool\plugins\jakarta.inject.jakarta.inject-api_1.0.5.jar
2024-09-24 07:19:40,075 [Worker-27: Launching mavenrun-478a57ab-4b6e-4951-b284-1d184fab8706] INFO  o.eclipse.m2e.core.internal.Bundles - getClasspathEntries(Bundle=jakarta.annotation-api_1.3.5 [29])
2024-09-24 07:19:40,076 [Worker-27: Launching mavenrun-478a57ab-4b6e-4951-b284-1d184fab8706] INFO  o.eclipse.m2e.core.internal.Bundles - 	Entry: C:\Users\asada\.p2\pool\plugins\jakarta.annotation-api_1.3.5.jar
2024-09-24 07:19:40,076 [Worker-27: Launching mavenrun-478a57ab-4b6e-4951-b284-1d184fab8706] INFO  o.eclipse.m2e.core.internal.Bundles - getClasspathEntries(Bundle=org.apache.commons.cli_1.9.0 [78])
2024-09-24 07:19:40,076 [Worker-27: Launching mavenrun-478a57ab-4b6e-4951-b284-1d184fab8706] INFO  o.eclipse.m2e.core.internal.Bundles - 	Entry: C:\Users\asada\.p2\pool\plugins\org.apache.commons.cli_1.9.0.jar
2024-09-24 07:19:40,076 [Worker-27: Launching mavenrun-478a57ab-4b6e-4951-b284-1d184fab8706] INFO  o.eclipse.m2e.core.internal.Bundles - getClasspathEntries(Bundle=org.apache.commons.commons-codec_1.16.0 [81])
2024-09-24 07:19:40,077 [Worker-27: Launching mavenrun-478a57ab-4b6e-4951-b284-1d184fab8706] INFO  o.eclipse.m2e.core.internal.Bundles - 	Entry: C:\Users\asada\.p2\pool\plugins\org.apache.commons.commons-codec_1.16.0.jar
2024-09-24 07:19:40,077 [Worker-27: Launching mavenrun-478a57ab-4b6e-4951-b284-1d184fab8706] INFO  o.eclipse.m2e.core.internal.Bundles - getClasspathEntries(Bundle=com.google.guava.failureaccess_1.0.2 [17])
2024-09-24 07:19:40,077 [Worker-27: Launching mavenrun-478a57ab-4b6e-4951-b284-1d184fab8706] INFO  o.eclipse.m2e.core.internal.Bundles - 	Entry: C:\Users\asada\.p2\pool\plugins\com.google.guava.failureaccess_1.0.2.jar
2024-09-24 07:19:40,095 [Worker-27: Launching mavenrun-478a57ab-4b6e-4951-b284-1d184fab8706] INFO  o.e.m.i.launch.MavenLaunchDelegate - Run build in "C:\Users\asada\AppData\Local\Temp\m2e-archetypeGenerator8426983638067280027":
2024-09-24 07:19:40,100 [Worker-27: Launching mavenrun-478a57ab-4b6e-4951-b284-1d184fab8706] INFO  o.e.m.i.launch.MavenLaunchDelegate -  mvn  -DarchetypeGroupId=org.apache.maven.archetypes -DarchetypeArtifactId=maven-archetype-simple -DarchetypeVersion=1.5 -DgroupId=com.bptn -DartifactId=bptn-java -Dversion=0.0.1-SNAPSHOT -Dpackage=com.bptn.course -DoutputDirectory=C:\Users\asada\OneDrive\Desktop\workspace-academy-java -B -Dstyle.color=always -U archetype:generate
2024-09-24 07:20:04,137 [Worker-23: Creating maven-archetype-simple] INFO  o.e.m.c.i.p.ProjectConfigurationManager - Collecting project info '/pom.xml' C:\Users\asada\OneDrive\Desktop\workspace-academy-java\bptn-java\pom.xml
2024-09-24 07:20:04,675 [Worker-23: Creating maven-archetype-simple] INFO  o.e.m.c.i.e.AbstractTransferListenerAdapter - Downloading https://repo.maven.apache.org/maven2/org/apache/maven/plugins/maven-clean-plugin/3.4.0/maven-clean-plugin-3.4.0.jar
2024-09-24 07:20:04,696 [Worker-23: Creating maven-archetype-simple] INFO  o.e.m.c.i.e.AbstractTransferListenerAdapter - Downloaded https://repo.maven.apache.org/maven2/org/apache/maven/plugins/maven-clean-plugin/3.4.0/maven-clean-plugin-3.4.0.jar
2024-09-24 07:20:04,822 [Worker-23: Creating maven-archetype-simple] INFO  o.e.m.c.i.e.AbstractTransferListenerAdapter - Downloading https://repo.maven.apache.org/maven2/org/apache/maven/plugins/maven-resources-plugin/3.3.1/maven-resources-plugin-3.3.1.jar
2024-09-24 07:20:04,846 [Worker-23: Creating maven-archetype-simple] INFO  o.e.m.c.i.e.AbstractTransferListenerAdapter - Downloaded https://repo.maven.apache.org/maven2/org/apache/maven/plugins/maven-resources-plugin/3.3.1/maven-resources-plugin-3.3.1.jar
2024-09-24 07:20:04,898 [Worker-23: Creating maven-archetype-simple] INFO  o.e.m.c.i.e.AbstractTransferListenerAdapter - Downloading https://repo.maven.apache.org/maven2/org/apache/maven/plugins/maven-compiler-plugin/3.13.0/maven-compiler-plugin-3.13.0.jar
2024-09-24 07:20:04,935 [Worker-23: Creating maven-archetype-simple] INFO  o.e.m.c.i.e.AbstractTransferListenerAdapter - Downloaded https://repo.maven.apache.org/maven2/org/apache/maven/plugins/maven-compiler-plugin/3.13.0/maven-compiler-plugin-3.13.0.jar
2024-09-24 07:20:04,975 [Worker-23: Creating maven-archetype-simple] INFO  o.e.m.c.i.e.AbstractTransferListenerAdapter - Downloading https://repo.maven.apache.org/maven2/org/apache/maven/plugins/maven-surefire-plugin/3.3.0/maven-surefire-plugin-3.3.0.jar
2024-09-24 07:20:04,993 [Worker-23: Creating maven-archetype-simple] INFO  o.e.m.c.i.e.AbstractTransferListenerAdapter - Downloaded https://repo.maven.apache.org/maven2/org/apache/maven/plugins/maven-surefire-plugin/3.3.0/maven-surefire-plugin-3.3.0.jar
2024-09-24 07:20:05,031 [Worker-23: Creating maven-archetype-simple] INFO  o.e.m.c.i.e.AbstractTransferListenerAdapter - Downloading https://repo.maven.apache.org/maven2/org/apache/maven/plugins/maven-jar-plugin/3.4.2/maven-jar-plugin-3.4.2.jar
2024-09-24 07:20:05,037 [Worker-23: Creating maven-archetype-simple] INFO  o.e.m.c.i.e.AbstractTransferListenerAdapter - Downloaded https://repo.maven.apache.org/maven2/org/apache/maven/plugins/maven-jar-plugin/3.4.2/maven-jar-plugin-3.4.2.jar
2024-09-24 07:20:05,096 [Worker-23: Creating maven-archetype-simple] INFO  o.e.m.c.i.e.AbstractTransferListenerAdapter - Downloading https://repo.maven.apache.org/maven2/org/apache/maven/plugins/maven-compiler-plugin/3.13.0/maven-compiler-plugin-3.13.0.pom
2024-09-24 07:20:05,101 [Worker-23: Creating maven-archetype-simple] INFO  o.e.m.c.i.e.AbstractTransferListenerAdapter - Downloaded https://repo.maven.apache.org/maven2/org/apache/maven/plugins/maven-compiler-plugin/3.13.0/maven-compiler-plugin-3.13.0.pom
2024-09-24 07:20:05,198 [Worker-23: Creating maven-archetype-simple] INFO  o.e.m.c.i.e.AbstractTransferListenerAdapter - Downloading https://repo.maven.apache.org/maven2/org/apache/maven/shared/maven-shared-utils/3.4.2/maven-shared-utils-3.4.2.pom
2024-09-24 07:20:05,206 [Worker-23: Creating maven-archetype-simple] INFO  o.e.m.c.i.e.AbstractTransferListenerAdapter - Downloaded https://repo.maven.apache.org/maven2/org/apache/maven/shared/maven-shared-utils/3.4.2/maven-shared-utils-3.4.2.pom
2024-09-24 07:20:05,311 [Worker-23: Creating maven-archetype-simple] INFO  o.e.m.c.i.e.AbstractTransferListenerAdapter - Downloading https://repo.maven.apache.org/maven2/org/apache/maven/shared/maven-shared-components/39/maven-shared-components-39.pom
2024-09-24 07:20:05,320 [Worker-23: Creating maven-archetype-simple] INFO  o.e.m.c.i.e.AbstractTransferListenerAdapter - Downloaded https://repo.maven.apache.org/maven2/org/apache/maven/shared/maven-shared-components/39/maven-shared-components-39.pom
2024-09-24 07:20:05,382 [Worker-23: Creating maven-archetype-simple] INFO  o.e.m.c.i.e.AbstractTransferListenerAdapter - Downloading https://repo.maven.apache.org/maven2/org/slf4j/slf4j-api/1.7.36/slf4j-api-1.7.36.pom
2024-09-24 07:20:05,389 [Worker-23: Creating maven-archetype-simple] INFO  o.e.m.c.i.e.AbstractTransferListenerAdapter - Downloaded https://repo.maven.apache.org/maven2/org/slf4j/slf4j-api/1.7.36/slf4j-api-1.7.36.pom
2024-09-24 07:20:05,433 [Worker-23: Creating maven-archetype-simple] INFO  o.e.m.c.i.e.AbstractTransferListenerAdapter - Downloading https://repo.maven.apache.org/maven2/org/slf4j/slf4j-parent/1.7.36/slf4j-parent-1.7.36.pom
2024-09-24 07:20:05,443 [Worker-23: Creating maven-archetype-simple] INFO  o.e.m.c.i.e.AbstractTransferListenerAdapter - Downloaded https://repo.maven.apache.org/maven2/org/slf4j/slf4j-parent/1.7.36/slf4j-parent-1.7.36.pom
2024-09-24 07:20:05,493 [Worker-23: Creating maven-archetype-simple] INFO  o.e.m.c.i.e.AbstractTransferListenerAdapter - Downloading https://repo.maven.apache.org/maven2/commons-io/commons-io/2.11.0/commons-io-2.11.0.pom
2024-09-24 07:20:05,505 [Worker-23: Creating maven-archetype-simple] INFO  o.e.m.c.i.e.AbstractTransferListenerAdapter - Downloaded https://repo.maven.apache.org/maven2/commons-io/commons-io/2.11.0/commons-io-2.11.0.pom
2024-09-24 07:20:05,556 [Worker-23: Creating maven-archetype-simple] INFO  o.e.m.c.i.e.AbstractTransferListenerAdapter - Downloading https://repo.maven.apache.org/maven2/org/apache/commons/commons-parent/52/commons-parent-52.pom
2024-09-24 07:20:05,581 [Worker-23: Creating maven-archetype-simple] INFO  o.e.m.c.i.e.AbstractTransferListenerAdapter - Downloaded https://repo.maven.apache.org/maven2/org/apache/commons/commons-parent/52/commons-parent-52.pom
2024-09-24 07:20:05,641 [Worker-23: Creating maven-archetype-simple] INFO  o.e.m.c.i.e.AbstractTransferListenerAdapter - Downloading https://repo.maven.apache.org/maven2/org/junit/junit-bom/5.7.2/junit-bom-5.7.2.pom
2024-09-24 07:20:05,648 [Worker-23: Creating maven-archetype-simple] INFO  o.e.m.c.i.e.AbstractTransferListenerAdapter - Downloaded https://repo.maven.apache.org/maven2/org/junit/junit-bom/5.7.2/junit-bom-5.7.2.pom
2024-09-24 07:20:05,685 [Worker-23: Creating maven-archetype-simple] INFO  o.e.m.c.i.e.AbstractTransferListenerAdapter - Downloading https://repo.maven.apache.org/maven2/org/apache/maven/shared/maven-shared-incremental/1.1/maven-shared-incremental-1.1.pom
2024-09-24 07:20:05,693 [Worker-23: Creating maven-archetype-simple] INFO  o.e.m.c.i.e.AbstractTransferListenerAdapter - Downloaded https://repo.maven.apache.org/maven2/org/apache/maven/shared/maven-shared-incremental/1.1/maven-shared-incremental-1.1.pom
2024-09-24 07:20:05,723 [Worker-23: Creating maven-archetype-simple] INFO  o.e.m.c.i.e.AbstractTransferListenerAdapter - Downloading https://repo.maven.apache.org/maven2/org/apache/maven/shared/maven-shared-components/19/maven-shared-components-19.pom
2024-09-24 07:20:05,732 [Worker-23: Creating maven-archetype-simple] INFO  o.e.m.c.i.e.AbstractTransferListenerAdapter - Downloaded https://repo.maven.apache.org/maven2/org/apache/maven/shared/maven-shared-components/19/maven-shared-components-19.pom
2024-09-24 07:20:05,792 [Worker-23: Creating maven-archetype-simple] INFO  o.e.m.c.i.e.AbstractTransferListenerAdapter - Downloading https://repo.maven.apache.org/maven2/org/apache/maven/maven-parent/23/maven-parent-23.pom
2024-09-24 07:20:05,804 [Worker-23: Creating maven-archetype-simple] INFO  o.e.m.c.i.e.AbstractTransferListenerAdapter - Downloaded https://repo.maven.apache.org/maven2/org/apache/maven/maven-parent/23/maven-parent-23.pom
2024-09-24 07:20:05,846 [Worker-23: Creating maven-archetype-simple] INFO  o.e.m.c.i.e.AbstractTransferListenerAdapter - Downloading https://repo.maven.apache.org/maven2/org/apache/apache/13/apache-13.pom
2024-09-24 07:20:05,854 [Worker-23: Creating maven-archetype-simple] INFO  o.e.m.c.i.e.AbstractTransferListenerAdapter - Downloaded https://repo.maven.apache.org/maven2/org/apache/apache/13/apache-13.pom
2024-09-24 07:20:05,895 [Worker-23: Creating maven-archetype-simple] INFO  o.e.m.c.i.e.AbstractTransferListenerAdapter - Downloading https://repo.maven.apache.org/maven2/org/codehaus/plexus/plexus-java/1.2.0/plexus-java-1.2.0.pom
2024-09-24 07:20:05,901 [Worker-23: Creating maven-archetype-simple] INFO  o.e.m.c.i.e.AbstractTransferListenerAdapter - Downloaded https://repo.maven.apache.org/maven2/org/codehaus/plexus/plexus-java/1.2.0/plexus-java-1.2.0.pom
2024-09-24 07:20:05,937 [Worker-23: Creating maven-archetype-simple] INFO  o.e.m.c.i.e.AbstractTransferListenerAdapter - Downloading https://repo.maven.apache.org/maven2/org/codehaus/plexus/plexus-languages/1.2.0/plexus-languages-1.2.0.pom
2024-09-24 07:20:05,946 [Worker-23: Creating maven-archetype-simple] INFO  o.e.m.c.i.e.AbstractTransferListenerAdapter - Downloaded https://repo.maven.apache.org/maven2/org/codehaus/plexus/plexus-languages/1.2.0/plexus-languages-1.2.0.pom
2024-09-24 07:20:05,995 [Worker-23: Creating maven-archetype-simple] INFO  o.e.m.c.i.e.AbstractTransferListenerAdapter - Downloading https://repo.maven.apache.org/maven2/org/codehaus/plexus/plexus/15/plexus-15.pom
2024-09-24 07:20:06,008 [Worker-23: Creating maven-archetype-simple] INFO  o.e.m.c.i.e.AbstractTransferListenerAdapter - Downloaded https://repo.maven.apache.org/maven2/org/codehaus/plexus/plexus/15/plexus-15.pom
2024-09-24 07:20:06,048 [Worker-23: Creating maven-archetype-simple] INFO  o.e.m.c.i.e.AbstractTransferListenerAdapter - Downloading https://repo.maven.apache.org/maven2/org/junit/junit-bom/5.10.0/junit-bom-5.10.0.pom
2024-09-24 07:20:06,056 [Worker-23: Creating maven-archetype-simple] INFO  o.e.m.c.i.e.AbstractTransferListenerAdapter - Downloaded https://repo.maven.apache.org/maven2/org/junit/junit-bom/5.10.0/junit-bom-5.10.0.pom
2024-09-24 07:20:06,117 [Worker-23: Creating maven-archetype-simple] INFO  o.e.m.c.i.e.AbstractTransferListenerAdapter - Downloading https://repo.maven.apache.org/maven2/org/ow2/asm/asm/9.6/asm-9.6.pom
2024-09-24 07:20:06,136 [Worker-23: Creating maven-archetype-simple] INFO  o.e.m.c.i.e.AbstractTransferListenerAdapter - Downloaded https://repo.maven.apache.org/maven2/org/ow2/asm/asm/9.6/asm-9.6.pom
2024-09-24 07:20:06,183 [Worker-23: Creating maven-archetype-simple] INFO  o.e.m.c.i.e.AbstractTransferListenerAdapter - Downloading https://repo.maven.apache.org/maven2/org/ow2/ow2/1.5.1/ow2-1.5.1.pom
2024-09-24 07:20:06,195 [Worker-23: Creating maven-archetype-simple] INFO  o.e.m.c.i.e.AbstractTransferListenerAdapter - Downloaded https://repo.maven.apache.org/maven2/org/ow2/ow2/1.5.1/ow2-1.5.1.pom
2024-09-24 07:20:06,322 [Worker-23: Creating maven-archetype-simple] INFO  o.e.m.c.i.e.AbstractTransferListenerAdapter - Downloading https://repo.maven.apache.org/maven2/com/thoughtworks/qdox/qdox/2.0.3/qdox-2.0.3.pom
2024-09-24 07:20:06,344 [Worker-23: Creating maven-archetype-simple] INFO  o.e.m.c.i.e.AbstractTransferListenerAdapter - Downloaded https://repo.maven.apache.org/maven2/com/thoughtworks/qdox/qdox/2.0.3/qdox-2.0.3.pom
2024-09-24 07:20:06,396 [Worker-23: Creating maven-archetype-simple] INFO  o.e.m.c.i.e.AbstractTransferListenerAdapter - Downloading https://repo.maven.apache.org/maven2/org/sonatype/oss/oss-parent/9/oss-parent-9.pom
2024-09-24 07:20:06,418 [Worker-23: Creating maven-archetype-simple] INFO  o.e.m.c.i.e.AbstractTransferListenerAdapter - Downloaded https://repo.maven.apache.org/maven2/org/sonatype/oss/oss-parent/9/oss-parent-9.pom
2024-09-24 07:20:06,474 [Worker-23: Creating maven-archetype-simple] INFO  o.e.m.c.i.e.AbstractTransferListenerAdapter - Downloading https://repo.maven.apache.org/maven2/org/codehaus/plexus/plexus-compiler-api/2.15.0/plexus-compiler-api-2.15.0.pom
2024-09-24 07:20:06,488 [Worker-23: Creating maven-archetype-simple] INFO  o.e.m.c.i.e.AbstractTransferListenerAdapter - Downloaded https://repo.maven.apache.org/maven2/org/codehaus/plexus/plexus-compiler-api/2.15.0/plexus-compiler-api-2.15.0.pom
2024-09-24 07:20:06,537 [Worker-23: Creating maven-archetype-simple] INFO  o.e.m.c.i.e.AbstractTransferListenerAdapter - Downloading https://repo.maven.apache.org/maven2/org/codehaus/plexus/plexus-compiler/2.15.0/plexus-compiler-2.15.0.pom
2024-09-24 07:20:06,549 [Worker-23: Creating maven-archetype-simple] INFO  o.e.m.c.i.e.AbstractTransferListenerAdapter - Downloaded https://repo.maven.apache.org/maven2/org/codehaus/plexus/plexus-compiler/2.15.0/plexus-compiler-2.15.0.pom
2024-09-24 07:20:06,584 [Worker-23: Creating maven-archetype-simple] INFO  o.e.m.c.i.e.AbstractTransferListenerAdapter - Downloading https://repo.maven.apache.org/maven2/org/codehaus/plexus/plexus/17/plexus-17.pom
2024-09-24 07:20:06,593 [Worker-23: Creating maven-archetype-simple] INFO  o.e.m.c.i.e.AbstractTransferListenerAdapter - Downloaded https://repo.maven.apache.org/maven2/org/codehaus/plexus/plexus/17/plexus-17.pom
2024-09-24 07:20:06,725 [Worker-23: Creating maven-archetype-simple] INFO  o.e.m.c.i.e.AbstractTransferListenerAdapter - Downloading https://repo.maven.apache.org/maven2/org/codehaus/plexus/plexus-utils/4.0.0/plexus-utils-4.0.0.pom
2024-09-24 07:20:06,731 [Worker-23: Creating maven-archetype-simple] INFO  o.e.m.c.i.e.AbstractTransferListenerAdapter - Downloaded https://repo.maven.apache.org/maven2/org/codehaus/plexus/plexus-utils/4.0.0/plexus-utils-4.0.0.pom
2024-09-24 07:20:06,846 [Worker-23: Creating maven-archetype-simple] INFO  o.e.m.c.i.e.AbstractTransferListenerAdapter - Downloading https://repo.maven.apache.org/maven2/org/codehaus/plexus/plexus/13/plexus-13.pom
2024-09-24 07:20:06,864 [Worker-23: Creating maven-archetype-simple] INFO  o.e.m.c.i.e.AbstractTransferListenerAdapter - Downloaded https://repo.maven.apache.org/maven2/org/codehaus/plexus/plexus/13/plexus-13.pom
2024-09-24 07:20:06,920 [Worker-23: Creating maven-archetype-simple] INFO  o.e.m.c.i.e.AbstractTransferListenerAdapter - Downloading https://repo.maven.apache.org/maven2/org/junit/junit-bom/5.9.3/junit-bom-5.9.3.pom
2024-09-24 07:20:06,928 [Worker-23: Creating maven-archetype-simple] INFO  o.e.m.c.i.e.AbstractTransferListenerAdapter - Downloaded https://repo.maven.apache.org/maven2/org/junit/junit-bom/5.9.3/junit-bom-5.9.3.pom
2024-09-24 07:20:06,970 [Worker-23: Creating maven-archetype-simple] INFO  o.e.m.c.i.e.AbstractTransferListenerAdapter - Downloading https://repo.maven.apache.org/maven2/org/codehaus/plexus/plexus-compiler-manager/2.15.0/plexus-compiler-manager-2.15.0.pom
2024-09-24 07:20:06,975 [Worker-23: Creating maven-archetype-simple] INFO  o.e.m.c.i.e.AbstractTransferListenerAdapter - Downloaded https://repo.maven.apache.org/maven2/org/codehaus/plexus/plexus-compiler-manager/2.15.0/plexus-compiler-manager-2.15.0.pom
2024-09-24 07:20:07,017 [Worker-23: Creating maven-archetype-simple] INFO  o.e.m.c.i.e.AbstractTransferListenerAdapter - Downloading https://repo.maven.apache.org/maven2/javax/inject/javax.inject/1/javax.inject-1.pom
2024-09-24 07:20:07,023 [Worker-23: Creating maven-archetype-simple] INFO  o.e.m.c.i.e.AbstractTransferListenerAdapter - Downloaded https://repo.maven.apache.org/maven2/javax/inject/javax.inject/1/javax.inject-1.pom
2024-09-24 07:20:07,132 [Worker-23: Creating maven-archetype-simple] INFO  o.e.m.c.i.e.AbstractTransferListenerAdapter - Downloading https://repo.maven.apache.org/maven2/org/codehaus/plexus/plexus-xml/3.0.0/plexus-xml-3.0.0.pom
2024-09-24 07:20:07,137 [Worker-23: Creating maven-archetype-simple] INFO  o.e.m.c.i.e.AbstractTransferListenerAdapter - Downloaded https://repo.maven.apache.org/maven2/org/codehaus/plexus/plexus-xml/3.0.0/plexus-xml-3.0.0.pom
2024-09-24 07:20:07,177 [Worker-23: Creating maven-archetype-simple] INFO  o.e.m.c.i.e.AbstractTransferListenerAdapter - Downloading https://repo.maven.apache.org/maven2/org/codehaus/plexus/plexus-compiler-javac/2.15.0/plexus-compiler-javac-2.15.0.pom
2024-09-24 07:20:07,183 [Worker-23: Creating maven-archetype-simple] INFO  o.e.m.c.i.e.AbstractTransferListenerAdapter - Downloaded https://repo.maven.apache.org/maven2/org/codehaus/plexus/plexus-compiler-javac/2.15.0/plexus-compiler-javac-2.15.0.pom
2024-09-24 07:20:07,227 [Worker-23: Creating maven-archetype-simple] INFO  o.e.m.c.i.e.AbstractTransferListenerAdapter - Downloading https://repo.maven.apache.org/maven2/org/codehaus/plexus/plexus-compilers/2.15.0/plexus-compilers-2.15.0.pom
2024-09-24 07:20:07,233 [Worker-23: Creating maven-archetype-simple] INFO  o.e.m.c.i.e.AbstractTransferListenerAdapter - Downloaded https://repo.maven.apache.org/maven2/org/codehaus/plexus/plexus-compilers/2.15.0/plexus-compilers-2.15.0.pom
2024-09-24 07:20:07,313 [Worker-23: Creating maven-archetype-simple] INFO  o.e.m.c.i.e.AbstractTransferListenerAdapter - Downloading https://repo.maven.apache.org/maven2/org/apache/maven/shared/maven-shared-utils/3.4.2/maven-shared-utils-3.4.2.jar
2024-09-24 07:20:07,407 [Worker-23: Creating maven-archetype-simple] INFO  o.e.m.c.i.e.AbstractTransferListenerAdapter - Downloaded https://repo.maven.apache.org/maven2/org/apache/maven/shared/maven-shared-utils/3.4.2/maven-shared-utils-3.4.2.jar
2024-09-24 07:20:07,446 [BasicRepositoryConnector-repo.maven.apache.org-0-0] INFO  o.e.m.c.i.e.AbstractTransferListenerAdapter - Downloading https://repo.maven.apache.org/maven2/org/slf4j/slf4j-api/1.7.36/slf4j-api-1.7.36.jar
2024-09-24 07:20:07,455 [BasicRepositoryConnector-repo.maven.apache.org-0-0] INFO  o.e.m.c.i.e.AbstractTransferListenerAdapter - Downloaded https://repo.maven.apache.org/maven2/org/slf4j/slf4j-api/1.7.36/slf4j-api-1.7.36.jar
2024-09-24 07:20:07,484 [BasicRepositoryConnector-repo.maven.apache.org-0-0] INFO  o.e.m.c.i.e.AbstractTransferListenerAdapter - Downloading https://repo.maven.apache.org/maven2/com/thoughtworks/qdox/qdox/2.0.3/qdox-2.0.3.jar
2024-09-24 07:20:07,528 [BasicRepositoryConnector-repo.maven.apache.org-0-2] INFO  o.e.m.c.i.e.AbstractTransferListenerAdapter - Downloading https://repo.maven.apache.org/maven2/org/apache/maven/shared/maven-shared-incremental/1.1/maven-shared-incremental-1.1.jar
2024-09-24 07:20:07,539 [BasicRepositoryConnector-repo.maven.apache.org-0-1] INFO  o.e.m.c.i.e.AbstractTransferListenerAdapter - Downloading https://repo.maven.apache.org/maven2/commons-io/commons-io/2.11.0/commons-io-2.11.0.jar
2024-09-24 07:20:07,539 [BasicRepositoryConnector-repo.maven.apache.org-0-4] INFO  o.e.m.c.i.e.AbstractTransferListenerAdapter - Downloading https://repo.maven.apache.org/maven2/org/ow2/asm/asm/9.6/asm-9.6.jar
2024-09-24 07:20:07,548 [BasicRepositoryConnector-repo.maven.apache.org-0-2] INFO  o.e.m.c.i.e.AbstractTransferListenerAdapter - Downloaded https://repo.maven.apache.org/maven2/org/apache/maven/shared/maven-shared-incremental/1.1/maven-shared-incremental-1.1.jar
2024-09-24 07:20:07,576 [BasicRepositoryConnector-repo.maven.apache.org-0-2] INFO  o.e.m.c.i.e.AbstractTransferListenerAdapter - Downloading https://repo.maven.apache.org/maven2/org/codehaus/plexus/plexus-compiler-api/2.15.0/plexus-compiler-api-2.15.0.jar
2024-09-24 07:20:07,588 [BasicRepositoryConnector-repo.maven.apache.org-0-3] INFO  o.e.m.c.i.e.AbstractTransferListenerAdapter - Downloading https://repo.maven.apache.org/maven2/org/codehaus/plexus/plexus-java/1.2.0/plexus-java-1.2.0.jar
2024-09-24 07:20:07,592 [BasicRepositoryConnector-repo.maven.apache.org-0-0] INFO  o.e.m.c.i.e.AbstractTransferListenerAdapter - Downloaded https://repo.maven.apache.org/maven2/com/thoughtworks/qdox/qdox/2.0.3/qdox-2.0.3.jar
2024-09-24 07:20:07,598 [BasicRepositoryConnector-repo.maven.apache.org-0-2] INFO  o.e.m.c.i.e.AbstractTransferListenerAdapter - Downloaded https://repo.maven.apache.org/maven2/org/codehaus/plexus/plexus-compiler-api/2.15.0/plexus-compiler-api-2.15.0.jar
2024-09-24 07:20:07,619 [BasicRepositoryConnector-repo.maven.apache.org-0-3] INFO  o.e.m.c.i.e.AbstractTransferListenerAdapter - Downloaded https://repo.maven.apache.org/maven2/org/codehaus/plexus/plexus-java/1.2.0/plexus-java-1.2.0.jar
2024-09-24 07:20:07,636 [BasicRepositoryConnector-repo.maven.apache.org-0-0] INFO  o.e.m.c.i.e.AbstractTransferListenerAdapter - Downloading https://repo.maven.apache.org/maven2/org/codehaus/plexus/plexus-compiler-manager/2.15.0/plexus-compiler-manager-2.15.0.jar
2024-09-24 07:20:07,637 [BasicRepositoryConnector-repo.maven.apache.org-0-2] INFO  o.e.m.c.i.e.AbstractTransferListenerAdapter - Downloading https://repo.maven.apache.org/maven2/javax/inject/javax.inject/1/javax.inject-1.jar
2024-09-24 07:20:07,657 [BasicRepositoryConnector-repo.maven.apache.org-0-2] INFO  o.e.m.c.i.e.AbstractTransferListenerAdapter - Downloaded https://repo.maven.apache.org/maven2/javax/inject/javax.inject/1/javax.inject-1.jar
2024-09-24 07:20:07,657 [BasicRepositoryConnector-repo.maven.apache.org-0-0] INFO  o.e.m.c.i.e.AbstractTransferListenerAdapter - Downloaded https://repo.maven.apache.org/maven2/org/codehaus/plexus/plexus-compiler-manager/2.15.0/plexus-compiler-manager-2.15.0.jar
2024-09-24 07:20:07,665 [BasicRepositoryConnector-repo.maven.apache.org-0-3] INFO  o.e.m.c.i.e.AbstractTransferListenerAdapter - Downloading https://repo.maven.apache.org/maven2/org/codehaus/plexus/plexus-xml/3.0.0/plexus-xml-3.0.0.jar
2024-09-24 07:20:07,674 [BasicRepositoryConnector-repo.maven.apache.org-0-4] INFO  o.e.m.c.i.e.AbstractTransferListenerAdapter - Downloaded https://repo.maven.apache.org/maven2/org/ow2/asm/asm/9.6/asm-9.6.jar
2024-09-24 07:20:07,685 [BasicRepositoryConnector-repo.maven.apache.org-0-3] INFO  o.e.m.c.i.e.AbstractTransferListenerAdapter - Downloaded https://repo.maven.apache.org/maven2/org/codehaus/plexus/plexus-xml/3.0.0/plexus-xml-3.0.0.jar
2024-09-24 07:20:07,690 [BasicRepositoryConnector-repo.maven.apache.org-0-0] INFO  o.e.m.c.i.e.AbstractTransferListenerAdapter - Downloading https://repo.maven.apache.org/maven2/org/codehaus/plexus/plexus-utils/4.0.0/plexus-utils-4.0.0.jar
2024-09-24 07:20:07,757 [BasicRepositoryConnector-repo.maven.apache.org-0-0] INFO  o.e.m.c.i.e.AbstractTransferListenerAdapter - Downloaded https://repo.maven.apache.org/maven2/org/codehaus/plexus/plexus-utils/4.0.0/plexus-utils-4.0.0.jar
2024-09-24 07:20:07,766 [BasicRepositoryConnector-repo.maven.apache.org-0-2] INFO  o.e.m.c.i.e.AbstractTransferListenerAdapter - Downloading https://repo.maven.apache.org/maven2/org/codehaus/plexus/plexus-compiler-javac/2.15.0/plexus-compiler-javac-2.15.0.jar
2024-09-24 07:20:07,779 [BasicRepositoryConnector-repo.maven.apache.org-0-2] INFO  o.e.m.c.i.e.AbstractTransferListenerAdapter - Downloaded https://repo.maven.apache.org/maven2/org/codehaus/plexus/plexus-compiler-javac/2.15.0/plexus-compiler-javac-2.15.0.jar
2024-09-24 07:20:07,853 [BasicRepositoryConnector-repo.maven.apache.org-0-1] INFO  o.e.m.c.i.e.AbstractTransferListenerAdapter - Downloaded https://repo.maven.apache.org/maven2/commons-io/commons-io/2.11.0/commons-io-2.11.0.jar
2024-09-24 07:20:08,118 [Worker-23: Creating maven-archetype-simple] INFO  o.e.m.c.i.l.LifecycleMappingFactory - Using org.eclipse.m2e.jdt.JarLifecycleMapping lifecycle mapping for MavenProject: com.bptn:bptn-java:0.0.1-SNAPSHOT @ C:\Users\asada\OneDrive\Desktop\workspace-academy-java\bptn-java\pom.xml.
2024-09-24 07:20:08,161 [Worker-23: Creating maven-archetype-simple] INFO  o.e.m.c.i.e.AbstractTransferListenerAdapter - Downloading https://repo.maven.apache.org/maven2/junit/junit/3.8.1/junit-3.8.1.pom
2024-09-24 07:20:08,165 [Worker-23: Creating maven-archetype-simple] INFO  o.e.m.c.i.e.AbstractTransferListenerAdapter - Downloaded https://repo.maven.apache.org/maven2/junit/junit/3.8.1/junit-3.8.1.pom
2024-09-24 07:20:08,282 [Worker-23: Creating maven-archetype-simple] INFO  o.e.m.c.i.e.AbstractTransferListenerAdapter - Downloading https://repo.maven.apache.org/maven2/junit/junit/3.8.1/junit-3.8.1.jar
2024-09-24 07:20:08,387 [Worker-23: Creating maven-archetype-simple] INFO  o.e.m.c.i.e.AbstractTransferListenerAdapter - Downloaded https://repo.maven.apache.org/maven2/junit/junit/3.8.1/junit-3.8.1.jar
2024-09-24 07:20:08,530 [Worker-23: Creating maven-archetype-simple] INFO  o.e.m.c.i.e.AbstractTransferListenerAdapter - Downloading https://repo.maven.apache.org/maven2/org/apache/maven/plugins/maven-resources-plugin/3.3.1/maven-resources-plugin-3.3.1.pom
2024-09-24 07:20:08,549 [Worker-23: Creating maven-archetype-simple] INFO  o.e.m.c.i.e.AbstractTransferListenerAdapter - Downloaded https://repo.maven.apache.org/maven2/org/apache/maven/plugins/maven-resources-plugin/3.3.1/maven-resources-plugin-3.3.1.pom
2024-09-24 07:20:08,672 [Worker-23: Creating maven-archetype-simple] INFO  o.e.m.c.i.e.AbstractTransferListenerAdapter - Downloading https://repo.maven.apache.org/maven2/org/apache/maven/plugins/maven-plugins/39/maven-plugins-39.pom
2024-09-24 07:20:08,678 [Worker-23: Creating maven-archetype-simple] INFO  o.e.m.c.i.e.AbstractTransferListenerAdapter - Downloaded https://repo.maven.apache.org/maven2/org/apache/maven/plugins/maven-plugins/39/maven-plugins-39.pom
2024-09-24 07:20:08,810 [Worker-23: Creating maven-archetype-simple] INFO  o.e.m.c.i.e.AbstractTransferListenerAdapter - Downloading https://repo.maven.apache.org/maven2/org/apache/maven/plugins/maven-surefire-plugin/3.3.0/maven-surefire-plugin-3.3.0.pom
2024-09-24 07:20:08,815 [Worker-23: Creating maven-archetype-simple] INFO  o.e.m.c.i.e.AbstractTransferListenerAdapter - Downloaded https://repo.maven.apache.org/maven2/org/apache/maven/plugins/maven-surefire-plugin/3.3.0/maven-surefire-plugin-3.3.0.pom
2024-09-24 07:20:08,935 [Worker-23: Creating maven-archetype-simple] INFO  o.e.m.c.i.e.AbstractTransferListenerAdapter - Downloading https://repo.maven.apache.org/maven2/org/apache/maven/surefire/surefire/3.3.0/surefire-3.3.0.pom
2024-09-24 07:20:08,941 [Worker-23: Creating maven-archetype-simple] INFO  o.e.m.c.i.e.AbstractTransferListenerAdapter - Downloaded https://repo.maven.apache.org/maven2/org/apache/maven/surefire/surefire/3.3.0/surefire-3.3.0.pom
2024-09-24 07:20:09,001 [Worker-23: Creating maven-archetype-simple] INFO  o.e.m.c.i.e.AbstractTransferListenerAdapter - Downloading https://repo.maven.apache.org/maven2/org/apache/maven/plugins/maven-jar-plugin/3.4.2/maven-jar-plugin-3.4.2.pom
2024-09-24 07:20:09,006 [Worker-23: Creating maven-archetype-simple] INFO  o.e.m.c.i.e.AbstractTransferListenerAdapter - Downloaded https://repo.maven.apache.org/maven2/org/apache/maven/plugins/maven-jar-plugin/3.4.2/maven-jar-plugin-3.4.2.pom
2024-09-24 07:20:09,072 [Worker-23: Creating maven-archetype-simple] INFO  o.e.m.c.i.e.AbstractTransferListenerAdapter - Downloading https://repo.maven.apache.org/maven2/org/apache/maven/shared/file-management/3.1.0/file-management-3.1.0.pom
2024-09-24 07:20:09,081 [Worker-23: Creating maven-archetype-simple] INFO  o.e.m.c.i.e.AbstractTransferListenerAdapter - Downloaded https://repo.maven.apache.org/maven2/org/apache/maven/shared/file-management/3.1.0/file-management-3.1.0.pom
2024-09-24 07:20:09,123 [Worker-23: Creating maven-archetype-simple] INFO  o.e.m.c.i.e.AbstractTransferListenerAdapter - Downloading https://repo.maven.apache.org/maven2/org/apache/maven/shared/maven-shared-components/36/maven-shared-components-36.pom
2024-09-24 07:20:09,130 [Worker-23: Creating maven-archetype-simple] INFO  o.e.m.c.i.e.AbstractTransferListenerAdapter - Downloaded https://repo.maven.apache.org/maven2/org/apache/maven/shared/maven-shared-components/36/maven-shared-components-36.pom
2024-09-24 07:20:09,248 [Worker-23: Creating maven-archetype-simple] INFO  o.e.m.c.i.e.AbstractTransferListenerAdapter - Downloading https://repo.maven.apache.org/maven2/org/codehaus/plexus/plexus-utils/4.0.1/plexus-utils-4.0.1.pom
2024-09-24 07:20:09,265 [Worker-23: Creating maven-archetype-simple] INFO  o.e.m.c.i.e.AbstractTransferListenerAdapter - Downloaded https://repo.maven.apache.org/maven2/org/codehaus/plexus/plexus-utils/4.0.1/plexus-utils-4.0.1.pom
2024-09-24 07:20:09,314 [Worker-23: Creating maven-archetype-simple] INFO  o.e.m.c.i.e.AbstractTransferListenerAdapter - Downloading https://repo.maven.apache.org/maven2/commons-io/commons-io/2.16.1/commons-io-2.16.1.pom
2024-09-24 07:20:09,398 [Worker-23: Creating maven-archetype-simple] INFO  o.e.m.c.i.e.AbstractTransferListenerAdapter - Downloaded https://repo.maven.apache.org/maven2/commons-io/commons-io/2.16.1/commons-io-2.16.1.pom
2024-09-24 07:20:09,446 [Worker-23: Creating maven-archetype-simple] INFO  o.e.m.c.i.e.AbstractTransferListenerAdapter - Downloading https://repo.maven.apache.org/maven2/org/apache/commons/commons-parent/69/commons-parent-69.pom
2024-09-24 07:20:09,512 [Worker-23: Creating maven-archetype-simple] INFO  o.e.m.c.i.e.AbstractTransferListenerAdapter - Downloaded https://repo.maven.apache.org/maven2/org/apache/commons/commons-parent/69/commons-parent-69.pom
2024-09-24 07:20:09,555 [Worker-23: Creating maven-archetype-simple] INFO  o.e.m.c.i.e.AbstractTransferListenerAdapter - Downloading https://repo.maven.apache.org/maven2/org/apache/maven/maven-archiver/3.6.2/maven-archiver-3.6.2.pom
2024-09-24 07:20:09,564 [Worker-23: Creating maven-archetype-simple] INFO  o.e.m.c.i.e.AbstractTransferListenerAdapter - Downloaded https://repo.maven.apache.org/maven2/org/apache/maven/maven-archiver/3.6.2/maven-archiver-3.6.2.pom
2024-09-24 07:20:09,674 [Worker-23: Creating maven-archetype-simple] INFO  o.e.m.c.i.e.AbstractTransferListenerAdapter - Downloading https://repo.maven.apache.org/maven2/org/apache/maven/shared/maven-shared-components/41/maven-shared-components-41.pom
2024-09-24 07:20:09,680 [Worker-23: Creating maven-archetype-simple] INFO  o.e.m.c.i.e.AbstractTransferListenerAdapter - Downloaded https://repo.maven.apache.org/maven2/org/apache/maven/shared/maven-shared-components/41/maven-shared-components-41.pom
2024-09-24 07:20:09,717 [Worker-23: Creating maven-archetype-simple] INFO  o.e.m.c.i.e.AbstractTransferListenerAdapter - Downloading https://repo.maven.apache.org/maven2/org/codehaus/plexus/plexus-archiver/4.9.2/plexus-archiver-4.9.2.pom
2024-09-24 07:20:09,725 [Worker-23: Creating maven-archetype-simple] INFO  o.e.m.c.i.e.AbstractTransferListenerAdapter - Downloaded https://repo.maven.apache.org/maven2/org/codehaus/plexus/plexus-archiver/4.9.2/plexus-archiver-4.9.2.pom
2024-09-24 07:20:09,844 [Worker-23: Creating maven-archetype-simple] INFO  o.e.m.c.i.e.AbstractTransferListenerAdapter - Downloading https://repo.maven.apache.org/maven2/org/codehaus/plexus/plexus-io/3.4.2/plexus-io-3.4.2.pom
2024-09-24 07:20:09,851 [Worker-23: Creating maven-archetype-simple] INFO  o.e.m.c.i.e.AbstractTransferListenerAdapter - Downloaded https://repo.maven.apache.org/maven2/org/codehaus/plexus/plexus-io/3.4.2/plexus-io-3.4.2.pom
2024-09-24 07:20:09,953 [Worker-23: Creating maven-archetype-simple] INFO  o.e.m.c.i.e.AbstractTransferListenerAdapter - Downloading https://repo.maven.apache.org/maven2/org/codehaus/plexus/plexus/16/plexus-16.pom
2024-09-24 07:20:09,973 [Worker-23: Creating maven-archetype-simple] INFO  o.e.m.c.i.e.AbstractTransferListenerAdapter - Downloaded https://repo.maven.apache.org/maven2/org/codehaus/plexus/plexus/16/plexus-16.pom
2024-09-24 07:20:10,012 [Worker-23: Creating maven-archetype-simple] INFO  o.e.m.c.i.e.AbstractTransferListenerAdapter - Downloading https://repo.maven.apache.org/maven2/org/junit/junit-bom/5.10.1/junit-bom-5.10.1.pom
2024-09-24 07:20:10,019 [Worker-23: Creating maven-archetype-simple] INFO  o.e.m.c.i.e.AbstractTransferListenerAdapter - Downloaded https://repo.maven.apache.org/maven2/org/junit/junit-bom/5.10.1/junit-bom-5.10.1.pom
2024-09-24 07:20:10,059 [Worker-23: Creating maven-archetype-simple] INFO  o.e.m.c.i.e.AbstractTransferListenerAdapter - Downloading https://repo.maven.apache.org/maven2/org/apache/commons/commons-compress/1.26.1/commons-compress-1.26.1.pom
2024-09-24 07:20:10,068 [Worker-23: Creating maven-archetype-simple] INFO  o.e.m.c.i.e.AbstractTransferListenerAdapter - Downloaded https://repo.maven.apache.org/maven2/org/apache/commons/commons-compress/1.26.1/commons-compress-1.26.1.pom
2024-09-24 07:20:10,111 [Worker-23: Creating maven-archetype-simple] INFO  o.e.m.c.i.e.AbstractTransferListenerAdapter - Downloading https://repo.maven.apache.org/maven2/org/apache/commons/commons-parent/66/commons-parent-66.pom
2024-09-24 07:20:10,165 [Worker-23: Creating maven-archetype-simple] INFO  o.e.m.c.i.e.AbstractTransferListenerAdapter - Downloaded https://repo.maven.apache.org/maven2/org/apache/commons/commons-parent/66/commons-parent-66.pom
2024-09-24 07:20:10,211 [Worker-23: Creating maven-archetype-simple] INFO  o.e.m.c.i.e.AbstractTransferListenerAdapter - Downloading https://repo.maven.apache.org/maven2/commons-codec/commons-codec/1.16.1/commons-codec-1.16.1.pom
2024-09-24 07:20:10,215 [Worker-23: Creating maven-archetype-simple] INFO  o.e.m.c.i.e.AbstractTransferListenerAdapter - Downloaded https://repo.maven.apache.org/maven2/commons-codec/commons-codec/1.16.1/commons-codec-1.16.1.pom
2024-09-24 07:20:10,250 [Worker-23: Creating maven-archetype-simple] INFO  o.e.m.c.i.e.AbstractTransferListenerAdapter - Downloading https://repo.maven.apache.org/maven2/org/apache/commons/commons-lang3/3.14.0/commons-lang3-3.14.0.pom
2024-09-24 07:20:10,272 [Worker-23: Creating maven-archetype-simple] INFO  o.e.m.c.i.e.AbstractTransferListenerAdapter - Downloaded https://repo.maven.apache.org/maven2/org/apache/commons/commons-lang3/3.14.0/commons-lang3-3.14.0.pom
2024-09-24 07:20:10,393 [Worker-23: Creating maven-archetype-simple] INFO  o.e.m.c.i.e.AbstractTransferListenerAdapter - Downloading https://repo.maven.apache.org/maven2/org/apache/commons/commons-parent/64/commons-parent-64.pom
2024-09-24 07:20:10,441 [Worker-23: Creating maven-archetype-simple] INFO  o.e.m.c.i.e.AbstractTransferListenerAdapter - Downloaded https://repo.maven.apache.org/maven2/org/apache/commons/commons-parent/64/commons-parent-64.pom
2024-09-24 07:20:10,481 [Worker-23: Creating maven-archetype-simple] INFO  o.e.m.c.i.e.AbstractTransferListenerAdapter - Downloading https://repo.maven.apache.org/maven2/org/apache/apache/30/apache-30.pom
2024-09-24 07:20:10,487 [Worker-23: Creating maven-archetype-simple] INFO  o.e.m.c.i.e.AbstractTransferListenerAdapter - Downloaded https://repo.maven.apache.org/maven2/org/apache/apache/30/apache-30.pom
2024-09-24 07:20:10,537 [Worker-23: Creating maven-archetype-simple] INFO  o.e.m.c.i.e.AbstractTransferListenerAdapter - Downloading https://repo.maven.apache.org/maven2/org/tukaani/xz/1.9/xz-1.9.pom
2024-09-24 07:20:10,544 [Worker-23: Creating maven-archetype-simple] INFO  o.e.m.c.i.e.AbstractTransferListenerAdapter - Downloaded https://repo.maven.apache.org/maven2/org/tukaani/xz/1.9/xz-1.9.pom
2024-09-24 07:20:10,582 [Worker-23: Creating maven-archetype-simple] INFO  o.e.m.c.i.e.AbstractTransferListenerAdapter - Downloading https://repo.maven.apache.org/maven2/com/github/luben/zstd-jni/1.5.5-11/zstd-jni-1.5.5-11.pom
2024-09-24 07:20:10,634 [Worker-23: Creating maven-archetype-simple] INFO  o.e.m.c.i.e.AbstractTransferListenerAdapter - Downloaded https://repo.maven.apache.org/maven2/com/github/luben/zstd-jni/1.5.5-11/zstd-jni-1.5.5-11.pom
2024-09-24 07:20:10,746 [Worker-23: Creating maven-archetype-simple] INFO  o.e.m.c.i.e.AbstractTransferListenerAdapter - Downloading https://repo.maven.apache.org/maven2/org/codehaus/plexus/plexus-interpolation/1.27/plexus-interpolation-1.27.pom
2024-09-24 07:20:10,751 [Worker-23: Creating maven-archetype-simple] INFO  o.e.m.c.i.e.AbstractTransferListenerAdapter - Downloaded https://repo.maven.apache.org/maven2/org/codehaus/plexus/plexus-interpolation/1.27/plexus-interpolation-1.27.pom
2024-09-24 07:20:10,814 [Worker-23: Creating maven-archetype-simple] INFO  o.e.m.c.i.e.AbstractTransferListenerAdapter - Downloading https://repo.maven.apache.org/maven2/org/apache/maven/shared/file-management/3.1.0/file-management-3.1.0.jar
2024-09-24 07:20:10,833 [Worker-23: Creating maven-archetype-simple] INFO  o.e.m.c.i.e.AbstractTransferListenerAdapter - Downloaded https://repo.maven.apache.org/maven2/org/apache/maven/shared/file-management/3.1.0/file-management-3.1.0.jar
2024-09-24 07:20:10,867 [BasicRepositoryConnector-repo.maven.apache.org-1-4] INFO  o.e.m.c.i.e.AbstractTransferListenerAdapter - Downloading https://repo.maven.apache.org/maven2/org/codehaus/plexus/plexus-archiver/4.9.2/plexus-archiver-4.9.2.jar
2024-09-24 07:20:10,867 [BasicRepositoryConnector-repo.maven.apache.org-1-2] INFO  o.e.m.c.i.e.AbstractTransferListenerAdapter - Downloading https://repo.maven.apache.org/maven2/org/apache/maven/maven-archiver/3.6.2/maven-archiver-3.6.2.jar
2024-09-24 07:20:10,870 [BasicRepositoryConnector-repo.maven.apache.org-1-3] INFO  o.e.m.c.i.e.AbstractTransferListenerAdapter - Downloading https://repo.maven.apache.org/maven2/org/codehaus/plexus/plexus-interpolation/1.27/plexus-interpolation-1.27.jar
2024-09-24 07:20:10,870 [BasicRepositoryConnector-repo.maven.apache.org-1-0] INFO  o.e.m.c.i.e.AbstractTransferListenerAdapter - Downloading https://repo.maven.apache.org/maven2/org/codehaus/plexus/plexus-utils/4.0.1/plexus-utils-4.0.1.jar
2024-09-24 07:20:10,920 [BasicRepositoryConnector-repo.maven.apache.org-1-2] INFO  o.e.m.c.i.e.AbstractTransferListenerAdapter - Downloaded https://repo.maven.apache.org/maven2/org/apache/maven/maven-archiver/3.6.2/maven-archiver-3.6.2.jar
2024-09-24 07:20:10,946 [BasicRepositoryConnector-repo.maven.apache.org-1-2] INFO  o.e.m.c.i.e.AbstractTransferListenerAdapter - Downloading https://repo.maven.apache.org/maven2/org/codehaus/plexus/plexus-io/3.4.2/plexus-io-3.4.2.jar
2024-09-24 07:20:10,951 [BasicRepositoryConnector-repo.maven.apache.org-1-3] INFO  o.e.m.c.i.e.AbstractTransferListenerAdapter - Downloaded https://repo.maven.apache.org/maven2/org/codehaus/plexus/plexus-interpolation/1.27/plexus-interpolation-1.27.jar
2024-09-24 07:20:10,951 [BasicRepositoryConnector-repo.maven.apache.org-1-4] INFO  o.e.m.c.i.e.AbstractTransferListenerAdapter - Downloaded https://repo.maven.apache.org/maven2/org/codehaus/plexus/plexus-archiver/4.9.2/plexus-archiver-4.9.2.jar
2024-09-24 07:20:10,958 [BasicRepositoryConnector-repo.maven.apache.org-1-1] INFO  o.e.m.c.i.e.AbstractTransferListenerAdapter - Downloading https://repo.maven.apache.org/maven2/commons-io/commons-io/2.16.1/commons-io-2.16.1.jar
2024-09-24 07:20:10,986 [BasicRepositoryConnector-repo.maven.apache.org-1-4] INFO  o.e.m.c.i.e.AbstractTransferListenerAdapter - Downloading https://repo.maven.apache.org/maven2/org/apache/commons/commons-lang3/3.14.0/commons-lang3-3.14.0.jar
2024-09-24 07:20:10,987 [BasicRepositoryConnector-repo.maven.apache.org-1-3] INFO  o.e.m.c.i.e.AbstractTransferListenerAdapter - Downloading https://repo.maven.apache.org/maven2/org/apache/commons/commons-compress/1.26.1/commons-compress-1.26.1.jar
2024-09-24 07:20:11,115 [BasicRepositoryConnector-repo.maven.apache.org-1-0] INFO  o.e.m.c.i.e.AbstractTransferListenerAdapter - Downloaded https://repo.maven.apache.org/maven2/org/codehaus/plexus/plexus-utils/4.0.1/plexus-utils-4.0.1.jar
2024-09-24 07:20:11,168 [BasicRepositoryConnector-repo.maven.apache.org-1-0] INFO  o.e.m.c.i.e.AbstractTransferListenerAdapter - Downloading https://repo.maven.apache.org/maven2/commons-codec/commons-codec/1.16.1/commons-codec-1.16.1.jar
2024-09-24 07:20:11,309 [BasicRepositoryConnector-repo.maven.apache.org-1-2] INFO  o.e.m.c.i.e.AbstractTransferListenerAdapter - Downloaded https://repo.maven.apache.org/maven2/org/codehaus/plexus/plexus-io/3.4.2/plexus-io-3.4.2.jar
2024-09-24 07:20:11,352 [BasicRepositoryConnector-repo.maven.apache.org-1-2] INFO  o.e.m.c.i.e.AbstractTransferListenerAdapter - Downloading https://repo.maven.apache.org/maven2/org/tukaani/xz/1.9/xz-1.9.jar
2024-09-24 07:20:11,474 [BasicRepositoryConnector-repo.maven.apache.org-1-3] INFO  o.e.m.c.i.e.AbstractTransferListenerAdapter - Downloaded https://repo.maven.apache.org/maven2/org/apache/commons/commons-compress/1.26.1/commons-compress-1.26.1.jar
2024-09-24 07:20:11,494 [BasicRepositoryConnector-repo.maven.apache.org-1-2] INFO  o.e.m.c.i.e.AbstractTransferListenerAdapter - Downloaded https://repo.maven.apache.org/maven2/org/tukaani/xz/1.9/xz-1.9.jar
2024-09-24 07:20:11,501 [BasicRepositoryConnector-repo.maven.apache.org-1-3] INFO  o.e.m.c.i.e.AbstractTransferListenerAdapter - Downloading https://repo.maven.apache.org/maven2/com/github/luben/zstd-jni/1.5.5-11/zstd-jni-1.5.5-11.jar
2024-09-24 07:20:11,648 [BasicRepositoryConnector-repo.maven.apache.org-1-4] INFO  o.e.m.c.i.e.AbstractTransferListenerAdapter - Downloaded https://repo.maven.apache.org/maven2/org/apache/commons/commons-lang3/3.14.0/commons-lang3-3.14.0.jar
2024-09-24 07:20:11,651 [BasicRepositoryConnector-repo.maven.apache.org-1-1] INFO  o.e.m.c.i.e.AbstractTransferListenerAdapter - Downloaded https://repo.maven.apache.org/maven2/commons-io/commons-io/2.16.1/commons-io-2.16.1.jar
2024-09-24 07:20:11,755 [BasicRepositoryConnector-repo.maven.apache.org-1-0] INFO  o.e.m.c.i.e.AbstractTransferListenerAdapter - Downloaded https://repo.maven.apache.org/maven2/commons-codec/commons-codec/1.16.1/commons-codec-1.16.1.jar
2024-09-24 07:20:13,670 [BasicRepositoryConnector-repo.maven.apache.org-1-3] INFO  o.e.m.c.i.e.AbstractTransferListenerAdapter - Downloaded https://repo.maven.apache.org/maven2/com/github/luben/zstd-jni/1.5.5-11/zstd-jni-1.5.5-11.jar
2024-09-24 07:20:14,159 [Worker-23: Creating maven-archetype-simple] INFO  o.e.m.c.i.e.AbstractTransferListenerAdapter - Downloading https://repo.maven.apache.org/maven2/org/codehaus/plexus/plexus-utils/3.5.1/plexus-utils-3.5.1.pom
2024-09-24 07:20:14,173 [Worker-23: Creating maven-archetype-simple] INFO  o.e.m.c.i.e.AbstractTransferListenerAdapter - Downloaded https://repo.maven.apache.org/maven2/org/codehaus/plexus/plexus-utils/3.5.1/plexus-utils-3.5.1.pom
2024-09-24 07:20:14,209 [Worker-23: Creating maven-archetype-simple] INFO  o.e.m.c.i.e.AbstractTransferListenerAdapter - Downloading https://repo.maven.apache.org/maven2/org/codehaus/plexus/plexus/10/plexus-10.pom
2024-09-24 07:20:14,215 [Worker-23: Creating maven-archetype-simple] INFO  o.e.m.c.i.e.AbstractTransferListenerAdapter - Downloaded https://repo.maven.apache.org/maven2/org/codehaus/plexus/plexus/10/plexus-10.pom
2024-09-24 07:20:14,256 [Worker-23: Creating maven-archetype-simple] INFO  o.e.m.c.i.e.AbstractTransferListenerAdapter - Downloading https://repo.maven.apache.org/maven2/org/apache/maven/shared/maven-filtering/3.3.1/maven-filtering-3.3.1.pom
2024-09-24 07:20:14,276 [Worker-23: Creating maven-archetype-simple] INFO  o.e.m.c.i.e.AbstractTransferListenerAdapter - Downloaded https://repo.maven.apache.org/maven2/org/apache/maven/shared/maven-filtering/3.3.1/maven-filtering-3.3.1.pom
2024-09-24 07:20:14,319 [Worker-23: Creating maven-archetype-simple] INFO  o.e.m.c.i.e.AbstractTransferListenerAdapter - Downloading https://repo.maven.apache.org/maven2/org/sonatype/plexus/plexus-build-api/0.0.7/plexus-build-api-0.0.7.pom
2024-09-24 07:20:14,325 [Worker-23: Creating maven-archetype-simple] INFO  o.e.m.c.i.e.AbstractTransferListenerAdapter - Downloaded https://repo.maven.apache.org/maven2/org/sonatype/plexus/plexus-build-api/0.0.7/plexus-build-api-0.0.7.pom
2024-09-24 07:20:14,360 [Worker-23: Creating maven-archetype-simple] INFO  o.e.m.c.i.e.AbstractTransferListenerAdapter - Downloading https://repo.maven.apache.org/maven2/org/sonatype/spice/spice-parent/15/spice-parent-15.pom
2024-09-24 07:20:14,368 [Worker-23: Creating maven-archetype-simple] INFO  o.e.m.c.i.e.AbstractTransferListenerAdapter - Downloaded https://repo.maven.apache.org/maven2/org/sonatype/spice/spice-parent/15/spice-parent-15.pom
2024-09-24 07:20:14,408 [Worker-23: Creating maven-archetype-simple] INFO  o.e.m.c.i.e.AbstractTransferListenerAdapter - Downloading https://repo.maven.apache.org/maven2/org/sonatype/forge/forge-parent/5/forge-parent-5.pom
2024-09-24 07:20:14,425 [Worker-23: Creating maven-archetype-simple] INFO  o.e.m.c.i.e.AbstractTransferListenerAdapter - Downloaded https://repo.maven.apache.org/maven2/org/sonatype/forge/forge-parent/5/forge-parent-5.pom
2024-09-24 07:20:14,474 [Worker-23: Creating maven-archetype-simple] INFO  o.e.m.c.i.e.AbstractTransferListenerAdapter - Downloading https://repo.maven.apache.org/maven2/org/codehaus/plexus/plexus-utils/3.5.0/plexus-utils-3.5.0.pom
2024-09-24 07:20:14,493 [Worker-23: Creating maven-archetype-simple] INFO  o.e.m.c.i.e.AbstractTransferListenerAdapter - Downloaded https://repo.maven.apache.org/maven2/org/codehaus/plexus/plexus-utils/3.5.0/plexus-utils-3.5.0.pom
2024-09-24 07:20:14,535 [Worker-23: Creating maven-archetype-simple] INFO  o.e.m.c.i.e.AbstractTransferListenerAdapter - Downloading https://repo.maven.apache.org/maven2/org/apache/commons/commons-lang3/3.12.0/commons-lang3-3.12.0.pom
2024-09-24 07:20:14,563 [Worker-23: Creating maven-archetype-simple] INFO  o.e.m.c.i.e.AbstractTransferListenerAdapter - Downloaded https://repo.maven.apache.org/maven2/org/apache/commons/commons-lang3/3.12.0/commons-lang3-3.12.0.pom
2024-09-24 07:20:14,610 [Worker-23: Creating maven-archetype-simple] INFO  o.e.m.c.i.e.AbstractTransferListenerAdapter - Downloading https://repo.maven.apache.org/maven2/org/junit/junit-bom/5.7.1/junit-bom-5.7.1.pom
2024-09-24 07:20:14,619 [Worker-23: Creating maven-archetype-simple] INFO  o.e.m.c.i.e.AbstractTransferListenerAdapter - Downloaded https://repo.maven.apache.org/maven2/org/junit/junit-bom/5.7.1/junit-bom-5.7.1.pom
2024-09-24 07:20:14,676 [Worker-23: Creating maven-archetype-simple] INFO  o.e.m.c.i.e.AbstractTransferListenerAdapter - Downloading https://repo.maven.apache.org/maven2/org/codehaus/plexus/plexus-utils/3.5.1/plexus-utils-3.5.1.jar
2024-09-24 07:20:14,741 [Worker-23: Creating maven-archetype-simple] INFO  o.e.m.c.i.e.AbstractTransferListenerAdapter - Downloaded https://repo.maven.apache.org/maven2/org/codehaus/plexus/plexus-utils/3.5.1/plexus-utils-3.5.1.jar
2024-09-24 07:20:14,776 [BasicRepositoryConnector-repo.maven.apache.org-2-0] INFO  o.e.m.c.i.e.AbstractTransferListenerAdapter - Downloading https://repo.maven.apache.org/maven2/org/apache/maven/shared/maven-filtering/3.3.1/maven-filtering-3.3.1.jar
2024-09-24 07:20:14,776 [BasicRepositoryConnector-repo.maven.apache.org-2-2] INFO  o.e.m.c.i.e.AbstractTransferListenerAdapter - Downloading https://repo.maven.apache.org/maven2/org/apache/commons/commons-lang3/3.12.0/commons-lang3-3.12.0.jar
2024-09-24 07:20:14,776 [BasicRepositoryConnector-repo.maven.apache.org-2-1] INFO  o.e.m.c.i.e.AbstractTransferListenerAdapter - Downloading https://repo.maven.apache.org/maven2/org/sonatype/plexus/plexus-build-api/0.0.7/plexus-build-api-0.0.7.jar
2024-09-24 07:20:14,785 [BasicRepositoryConnector-repo.maven.apache.org-2-1] INFO  o.e.m.c.i.e.AbstractTransferListenerAdapter - Downloaded https://repo.maven.apache.org/maven2/org/sonatype/plexus/plexus-build-api/0.0.7/plexus-build-api-0.0.7.jar
2024-09-24 07:20:14,834 [BasicRepositoryConnector-repo.maven.apache.org-2-0] INFO  o.e.m.c.i.e.AbstractTransferListenerAdapter - Downloaded https://repo.maven.apache.org/maven2/org/apache/maven/shared/maven-filtering/3.3.1/maven-filtering-3.3.1.jar
2024-09-24 07:20:14,972 [BasicRepositoryConnector-repo.maven.apache.org-2-2] INFO  o.e.m.c.i.e.AbstractTransferListenerAdapter - Downloaded https://repo.maven.apache.org/maven2/org/apache/commons/commons-lang3/3.12.0/commons-lang3-3.12.0.jar
2024-09-24 07:20:15,037 [Worker-23: Creating maven-archetype-simple] INFO  o.e.m.j.i.AbstractJavaProjectConfigurator - Adding source folder /bptn-java/src/main/java
2024-09-24 07:20:15,039 [Worker-23: Creating maven-archetype-simple] INFO  o.e.m.j.i.AbstractJavaProjectConfigurator - Adding resource folder /bptn-java/src/main/resources
2024-09-24 07:20:15,045 [Worker-23: Creating maven-archetype-simple] INFO  o.e.m.j.i.AbstractJavaProjectConfigurator - Adding source folder /bptn-java/src/test/java
2024-09-24 07:20:15,047 [Worker-23: Creating maven-archetype-simple] INFO  o.e.m.j.i.AbstractJavaProjectConfigurator - Adding resource folder /bptn-java/src/test/resources
2024-09-24 07:20:15,181 [Worker-29: Download sources and javadoc] INFO  o.e.m.c.i.e.AbstractTransferListenerAdapter - Downloading https://repo.maven.apache.org/maven2/junit/junit/3.8.1/junit-3.8.1-sources.jar
2024-09-24 07:20:15,218 [Worker-29: Download sources and javadoc] INFO  o.e.m.c.i.e.AbstractTransferListenerAdapter - Downloaded https://repo.maven.apache.org/maven2/junit/junit/3.8.1/junit-3.8.1-sources.jar
2024-09-24 07:20:15,225 [Worker-29: Download sources and javadoc] INFO  o.e.m.j.internal.DownloadSourcesJob - Downloaded sources for junit:junit:3.8.1
2024-09-24 07:20:15,280 [Worker-23: Creating maven-archetype-simple] INFO  o.e.m.c.i.p.ProjectConfigurationManager - Imported and configured 1 project(s) in 11 sec
2024-09-24 07:20:17,229 [Worker-32: Building] INFO  o.a.m.s.f.DefaultMavenResourcesFiltering - skip non existing resourceDirectory C:\Users\asada\OneDrive\Desktop\workspace-academy-java\bptn-java\src\main\resources
2024-09-24 07:20:17,238 [Worker-32: Building] INFO  o.a.m.s.f.DefaultMavenResourcesFiltering - skip non existing resourceDirectory C:\Users\asada\OneDrive\Desktop\workspace-academy-java\bptn-java\src\test\resources
2024-09-24 07:32:22,326 [Worker-39: Building] INFO  o.e.m.c.i.l.LifecycleMappingFactory - Using org.eclipse.m2e.jdt.JarLifecycleMapping lifecycle mapping for MavenProject: com.bptn:bptn-java:0.0.1-SNAPSHOT @ C:\Users\asada\OneDrive\Desktop\workspace-academy-java\bptn-java\pom.xml.
2024-09-24 07:32:22,780 [Worker-39: Building] INFO  o.a.m.s.f.DefaultMavenResourcesFiltering - skip non existing resourceDirectory C:\Users\asada\OneDrive\Desktop\workspace-academy-java\bptn-java\src\main\resources
2024-09-24 07:32:22,786 [Worker-39: Building] INFO  o.a.m.s.f.DefaultMavenResourcesFiltering - skip non existing resourceDirectory C:\Users\asada\OneDrive\Desktop\workspace-academy-java\bptn-java\src\test\resources
2024-09-24 07:38:06,454 [Worker-37: Building] INFO  o.a.m.s.f.DefaultMavenResourcesFiltering - skip non existing resourceDirectory C:\Users\asada\OneDrive\Desktop\workspace-academy-java\bptn-java\src\main\resources
2024-09-24 07:38:06,463 [Worker-37: Building] INFO  o.a.m.s.f.DefaultMavenResourcesFiltering - skip non existing resourceDirectory C:\Users\asada\OneDrive\Desktop\workspace-academy-java\bptn-java\src\test\resources
2024-09-24 07:51:24,493 [Worker-48: Building] INFO  o.a.m.s.f.DefaultMavenResourcesFiltering - skip non existing resourceDirectory C:\Users\asada\OneDrive\Desktop\workspace-academy-java\bptn-java\src\main\resources
2024-09-24 07:51:24,496 [Worker-48: Building] INFO  o.a.m.s.f.DefaultMavenResourcesFiltering - skip non existing resourceDirectory C:\Users\asada\OneDrive\Desktop\workspace-academy-java\bptn-java\src\test\resources
2024-09-24 07:56:35,823 [Worker-48: Updating Maven Project] INFO  o.e.m.c.i.p.ProjectConfigurationManager - Update started
2024-09-24 07:56:35,964 [Worker-48: Updating Maven Project] INFO  o.e.m.c.i.l.LifecycleMappingFactory - Using org.eclipse.m2e.jdt.JarLifecycleMapping lifecycle mapping for MavenProject: com.bptn:bptn-java:0.0.1-SNAPSHOT @ C:\Users\asada\OneDrive\Desktop\workspace-academy-java\bptn-java\pom.xml.
2024-09-24 07:56:36,061 [Worker-48: Updating Maven Project] INFO  o.e.m.j.i.AbstractJavaProjectConfigurator - Adding source folder /bptn-java/src/main/java
2024-09-24 07:56:36,063 [Worker-48: Updating Maven Project] INFO  o.e.m.j.i.AbstractJavaProjectConfigurator - Adding resource folder /bptn-java/src/main/resources
2024-09-24 07:56:36,064 [Worker-48: Updating Maven Project] INFO  o.e.m.j.i.AbstractJavaProjectConfigurator - Adding source folder /bptn-java/src/test/java
2024-09-24 07:56:36,065 [Worker-48: Updating Maven Project] INFO  o.e.m.j.i.AbstractJavaProjectConfigurator - Adding resource folder /bptn-java/src/test/resources
2024-09-24 07:56:36,309 [Worker-48: Updating Maven Project] INFO  o.e.m.c.i.p.ProjectConfigurationManager - Update completed for 1 poms: local refresh takes 0.00 sec, refresh facades takes 0.00 sec, update config takes 0.00 sec 
2024-09-24 07:56:36,725 [Worker-51: Building] INFO  o.a.m.s.f.DefaultMavenResourcesFiltering - skip non existing resourceDirectory C:\Users\asada\OneDrive\Desktop\workspace-academy-java\bptn-java\src\main\resources
2024-09-24 07:56:36,730 [Worker-51: Building] INFO  o.a.m.s.f.DefaultMavenResourcesFiltering - skip non existing resourceDirectory C:\Users\asada\OneDrive\Desktop\workspace-academy-java\bptn-java\src\test\resources
2024-09-24 08:04:08,729 [Worker-59: Building] INFO  o.a.m.s.f.DefaultMavenResourcesFiltering - skip non existing resourceDirectory C:\Users\asada\OneDrive\Desktop\workspace-academy-java\bptn-java\src\main\resources
2024-09-24 08:04:08,741 [Worker-59: Building] INFO  o.a.m.s.f.DefaultMavenResourcesFiltering - skip non existing resourceDirectory C:\Users\asada\OneDrive\Desktop\workspace-academy-java\bptn-java\src\test\resources
2024-09-24 08:10:59,853 [Worker-51: Building] INFO  o.a.m.s.f.DefaultMavenResourcesFiltering - skip non existing resourceDirectory C:\Users\asada\OneDrive\Desktop\workspace-academy-java\bptn-java\src\main\resources
2024-09-24 08:10:59,856 [Worker-51: Building] INFO  o.a.m.s.f.DefaultMavenResourcesFiltering - skip non existing resourceDirectory C:\Users\asada\OneDrive\Desktop\workspace-academy-java\bptn-java\src\test\resources
2024-09-24 08:11:43,226 [Worker-61: Building] INFO  o.a.m.s.f.DefaultMavenResourcesFiltering - skip non existing resourceDirectory C:\Users\asada\OneDrive\Desktop\workspace-academy-java\bptn-java\src\main\resources
2024-09-24 08:11:43,229 [Worker-61: Building] INFO  o.a.m.s.f.DefaultMavenResourcesFiltering - skip non existing resourceDirectory C:\Users\asada\OneDrive\Desktop\workspace-academy-java\bptn-java\src\test\resources
2024-09-24 08:26:17,446 [Worker-51: Building] INFO  o.a.m.s.f.DefaultMavenResourcesFiltering - skip non existing resourceDirectory C:\Users\asada\OneDrive\Desktop\workspace-academy-java\bptn-java\src\main\resources
2024-09-24 08:26:17,449 [Worker-51: Building] INFO  o.a.m.s.f.DefaultMavenResourcesFiltering - skip non existing resourceDirectory C:\Users\asada\OneDrive\Desktop\workspace-academy-java\bptn-java\src\test\resources
2024-09-24 08:32:37,871 [Worker-70: Building] INFO  o.a.m.s.f.DefaultMavenResourcesFiltering - skip non existing resourceDirectory C:\Users\asada\OneDrive\Desktop\workspace-academy-java\bptn-java\src\main\resources
2024-09-24 08:32:37,873 [Worker-70: Building] INFO  o.a.m.s.f.DefaultMavenResourcesFiltering - skip non existing resourceDirectory C:\Users\asada\OneDrive\Desktop\workspace-academy-java\bptn-java\src\test\resources
2024-09-24 08:33:33,531 [Worker-72: Building] INFO  o.a.m.s.f.DefaultMavenResourcesFiltering - skip non existing resourceDirectory C:\Users\asada\OneDrive\Desktop\workspace-academy-java\bptn-java\src\main\resources
2024-09-24 08:33:33,534 [Worker-72: Building] INFO  o.a.m.s.f.DefaultMavenResourcesFiltering - skip non existing resourceDirectory C:\Users\asada\OneDrive\Desktop\workspace-academy-java\bptn-java\src\test\resources
2024-09-24 09:35:33,667 [Worker-86: Building] INFO  o.a.m.s.f.DefaultMavenResourcesFiltering - skip non existing resourceDirectory C:\Users\asada\OneDrive\Desktop\workspace-academy-java\bptn-java\src\main\resources
2024-09-24 09:35:33,673 [Worker-86: Building] INFO  o.a.m.s.f.DefaultMavenResourcesFiltering - skip non existing resourceDirectory C:\Users\asada\OneDrive\Desktop\workspace-academy-java\bptn-java\src\test\resources
2024-09-24 09:55:47,466 [Worker-92: Building] INFO  o.a.m.s.f.DefaultMavenResourcesFiltering - skip non existing resourceDirectory C:\Users\asada\OneDrive\Desktop\workspace-academy-java\bptn-java\src\main\resources
2024-09-24 09:55:47,470 [Worker-92: Building] INFO  o.a.m.s.f.DefaultMavenResourcesFiltering - skip non existing resourceDirectory C:\Users\asada\OneDrive\Desktop\workspace-academy-java\bptn-java\src\test\resources
2024-09-24 09:55:51,237 [Worker-83: Building] INFO  o.a.m.s.f.DefaultMavenResourcesFiltering - skip non existing resourceDirectory C:\Users\asada\OneDrive\Desktop\workspace-academy-java\bptn-java\src\main\resources
2024-09-24 09:55:51,239 [Worker-83: Building] INFO  o.a.m.s.f.DefaultMavenResourcesFiltering - skip non existing resourceDirectory C:\Users\asada\OneDrive\Desktop\workspace-academy-java\bptn-java\src\test\resources
2024-09-24 09:55:55,589 [Worker-83: Building] INFO  o.a.m.s.f.DefaultMavenResourcesFiltering - skip non existing resourceDirectory C:\Users\asada\OneDrive\Desktop\workspace-academy-java\bptn-java\src\main\resources
2024-09-24 09:55:55,592 [Worker-83: Building] INFO  o.a.m.s.f.DefaultMavenResourcesFiltering - skip non existing resourceDirectory C:\Users\asada\OneDrive\Desktop\workspace-academy-java\bptn-java\src\test\resources
2024-09-24 09:55:57,174 [Worker-92: Building] INFO  o.a.m.s.f.DefaultMavenResourcesFiltering - skip non existing resourceDirectory C:\Users\asada\OneDrive\Desktop\workspace-academy-java\bptn-java\src\main\resources
2024-09-24 09:55:57,180 [Worker-92: Building] INFO  o.a.m.s.f.DefaultMavenResourcesFiltering - skip non existing resourceDirectory C:\Users\asada\OneDrive\Desktop\workspace-academy-java\bptn-java\src\test\resources
2024-09-24 09:56:02,251 [Worker-92: Building] INFO  o.a.m.s.f.DefaultMavenResourcesFiltering - skip non existing resourceDirectory C:\Users\asada\OneDrive\Desktop\workspace-academy-java\bptn-java\src\main\resources
2024-09-24 09:56:02,255 [Worker-92: Building] INFO  o.a.m.s.f.DefaultMavenResourcesFiltering - skip non existing resourceDirectory C:\Users\asada\OneDrive\Desktop\workspace-academy-java\bptn-java\src\test\resources
2024-09-24 12:09:40,144 [Worker-117: Building] INFO  o.a.m.s.f.DefaultMavenResourcesFiltering - skip non existing resourceDirectory C:\Users\asada\OneDrive\Desktop\workspace-academy-java\bptn-java\src\main\resources
2024-09-24 12:09:40,154 [Worker-117: Building] INFO  o.a.m.s.f.DefaultMavenResourcesFiltering - skip non existing resourceDirectory C:\Users\asada\OneDrive\Desktop\workspace-academy-java\bptn-java\src\test\resources
2024-09-24 12:09:41,710 [Worker-116: Building] INFO  o.a.m.s.f.DefaultMavenResourcesFiltering - skip non existing resourceDirectory C:\Users\asada\OneDrive\Desktop\workspace-academy-java\bptn-java\src\main\resources
2024-09-24 12:09:41,714 [Worker-116: Building] INFO  o.a.m.s.f.DefaultMavenResourcesFiltering - skip non existing resourceDirectory C:\Users\asada\OneDrive\Desktop\workspace-academy-java\bptn-java\src\test\resources
2024-09-24 12:09:46,075 [Worker-112: Building] INFO  o.a.m.s.f.DefaultMavenResourcesFiltering - skip non existing resourceDirectory C:\Users\asada\OneDrive\Desktop\workspace-academy-java\bptn-java\src\main\resources
2024-09-24 12:09:46,080 [Worker-112: Building] INFO  o.a.m.s.f.DefaultMavenResourcesFiltering - skip non existing resourceDirectory C:\Users\asada\OneDrive\Desktop\workspace-academy-java\bptn-java\src\test\resources
2024-09-24 12:09:55,516 [Worker-118: Building] INFO  o.a.m.s.f.DefaultMavenResourcesFiltering - skip non existing resourceDirectory C:\Users\asada\OneDrive\Desktop\workspace-academy-java\bptn-java\src\main\resources
2024-09-24 12:09:55,521 [Worker-118: Building] INFO  o.a.m.s.f.DefaultMavenResourcesFiltering - skip non existing resourceDirectory C:\Users\asada\OneDrive\Desktop\workspace-academy-java\bptn-java\src\test\resources
2024-09-24 12:10:00,298 [Worker-112: Building] INFO  o.a.m.s.f.DefaultMavenResourcesFiltering - skip non existing resourceDirectory C:\Users\asada\OneDrive\Desktop\workspace-academy-java\bptn-java\src\main\resources
2024-09-24 12:10:00,302 [Worker-112: Building] INFO  o.a.m.s.f.DefaultMavenResourcesFiltering - skip non existing resourceDirectory C:\Users\asada\OneDrive\Desktop\workspace-academy-java\bptn-java\src\test\resources
2024-09-24 12:10:13,618 [Worker-119: Building] INFO  o.a.m.s.f.DefaultMavenResourcesFiltering - skip non existing resourceDirectory C:\Users\asada\OneDrive\Desktop\workspace-academy-java\bptn-java\src\main\resources
2024-09-24 12:10:13,624 [Worker-119: Building] INFO  o.a.m.s.f.DefaultMavenResourcesFiltering - skip non existing resourceDirectory C:\Users\asada\OneDrive\Desktop\workspace-academy-java\bptn-java\src\test\resources
2024-09-24 12:10:15,429 [Worker-118: Building] INFO  o.a.m.s.f.DefaultMavenResourcesFiltering - skip non existing resourceDirectory C:\Users\asada\OneDrive\Desktop\workspace-academy-java\bptn-java\src\main\resources
2024-09-24 12:10:15,434 [Worker-118: Building] INFO  o.a.m.s.f.DefaultMavenResourcesFiltering - skip non existing resourceDirectory C:\Users\asada\OneDrive\Desktop\workspace-academy-java\bptn-java\src\test\resources
2024-09-24 12:10:24,779 [Worker-116: Building] INFO  o.a.m.s.f.DefaultMavenResourcesFiltering - skip non existing resourceDirectory C:\Users\asada\OneDrive\Desktop\workspace-academy-java\bptn-java\src\main\resources
2024-09-24 12:10:24,782 [Worker-116: Building] INFO  o.a.m.s.f.DefaultMavenResourcesFiltering - skip non existing resourceDirectory C:\Users\asada\OneDrive\Desktop\workspace-academy-java\bptn-java\src\test\resources
2024-09-24 12:10:27,111 [Worker-117: Building] INFO  o.a.m.s.f.DefaultMavenResourcesFiltering - skip non existing resourceDirectory C:\Users\asada\OneDrive\Desktop\workspace-academy-java\bptn-java\src\main\resources
2024-09-24 12:10:27,114 [Worker-117: Building] INFO  o.a.m.s.f.DefaultMavenResourcesFiltering - skip non existing resourceDirectory C:\Users\asada\OneDrive\Desktop\workspace-academy-java\bptn-java\src\test\resources
2024-09-24 15:05:59,026 [Worker-150: Building] INFO  o.a.m.s.f.DefaultMavenResourcesFiltering - skip non existing resourceDirectory C:\Users\asada\OneDrive\Desktop\workspace-academy-java\bptn-java\src\main\resources
2024-09-24 15:05:59,033 [Worker-150: Building] INFO  o.a.m.s.f.DefaultMavenResourcesFiltering - skip non existing resourceDirectory C:\Users\asada\OneDrive\Desktop\workspace-academy-java\bptn-java\src\test\resources
2024-09-25 07:42:27,513 [Worker-187: Building] INFO  o.a.m.s.f.DefaultMavenResourcesFiltering - skip non existing resourceDirectory C:\Users\asada\OneDrive\Desktop\workspace-academy-java\bptn-java\src\main\resources
2024-09-25 07:42:27,527 [Worker-187: Building] INFO  o.a.m.s.f.DefaultMavenResourcesFiltering - skip non existing resourceDirectory C:\Users\asada\OneDrive\Desktop\workspace-academy-java\bptn-java\src\test\resources
2024-09-25 08:00:53,281 [Worker-194: Building] INFO  o.a.m.s.f.DefaultMavenResourcesFiltering - skip non existing resourceDirectory C:\Users\asada\OneDrive\Desktop\workspace-academy-java\bptn-java\src\main\resources
2024-09-25 08:00:53,288 [Worker-194: Building] INFO  o.a.m.s.f.DefaultMavenResourcesFiltering - skip non existing resourceDirectory C:\Users\asada\OneDrive\Desktop\workspace-academy-java\bptn-java\src\test\resources
2024-09-25 08:01:19,641 [Worker-193: Building] INFO  o.a.m.s.f.DefaultMavenResourcesFiltering - skip non existing resourceDirectory C:\Users\asada\OneDrive\Desktop\workspace-academy-java\bptn-java\src\main\resources
2024-09-25 08:01:19,645 [Worker-193: Building] INFO  o.a.m.s.f.DefaultMavenResourcesFiltering - skip non existing resourceDirectory C:\Users\asada\OneDrive\Desktop\workspace-academy-java\bptn-java\src\test\resources
2024-09-25 08:02:09,717 [Worker-190: Building] INFO  o.a.m.s.f.DefaultMavenResourcesFiltering - skip non existing resourceDirectory C:\Users\asada\OneDrive\Desktop\workspace-academy-java\bptn-java\src\main\resources
2024-09-25 08:02:09,721 [Worker-190: Building] INFO  o.a.m.s.f.DefaultMavenResourcesFiltering - skip non existing resourceDirectory C:\Users\asada\OneDrive\Desktop\workspace-academy-java\bptn-java\src\test\resources
2024-09-25 08:02:12,153 [Worker-193: Building] INFO  o.a.m.s.f.DefaultMavenResourcesFiltering - skip non existing resourceDirectory C:\Users\asada\OneDrive\Desktop\workspace-academy-java\bptn-java\src\main\resources
2024-09-25 08:02:12,159 [Worker-193: Building] INFO  o.a.m.s.f.DefaultMavenResourcesFiltering - skip non existing resourceDirectory C:\Users\asada\OneDrive\Desktop\workspace-academy-java\bptn-java\src\test\resources
2024-09-25 08:02:15,712 [Worker-190: Building] INFO  o.a.m.s.f.DefaultMavenResourcesFiltering - skip non existing resourceDirectory C:\Users\asada\OneDrive\Desktop\workspace-academy-java\bptn-java\src\main\resources
2024-09-25 08:02:15,716 [Worker-190: Building] INFO  o.a.m.s.f.DefaultMavenResourcesFiltering - skip non existing resourceDirectory C:\Users\asada\OneDrive\Desktop\workspace-academy-java\bptn-java\src\test\resources
2024-09-25 08:02:16,906 [Worker-190: Building] INFO  o.a.m.s.f.DefaultMavenResourcesFiltering - skip non existing resourceDirectory C:\Users\asada\OneDrive\Desktop\workspace-academy-java\bptn-java\src\main\resources
2024-09-25 08:02:16,908 [Worker-190: Building] INFO  o.a.m.s.f.DefaultMavenResourcesFiltering - skip non existing resourceDirectory C:\Users\asada\OneDrive\Desktop\workspace-academy-java\bptn-java\src\test\resources
2024-09-25 08:02:20,334 [Worker-187: Building] INFO  o.a.m.s.f.DefaultMavenResourcesFiltering - skip non existing resourceDirectory C:\Users\asada\OneDrive\Desktop\workspace-academy-java\bptn-java\src\main\resources
2024-09-25 08:02:20,339 [Worker-187: Building] INFO  o.a.m.s.f.DefaultMavenResourcesFiltering - skip non existing resourceDirectory C:\Users\asada\OneDrive\Desktop\workspace-academy-java\bptn-java\src\test\resources
2024-09-25 08:02:23,035 [Worker-192: Building] INFO  o.a.m.s.f.DefaultMavenResourcesFiltering - skip non existing resourceDirectory C:\Users\asada\OneDrive\Desktop\workspace-academy-java\bptn-java\src\main\resources
2024-09-25 08:02:23,041 [Worker-192: Building] INFO  o.a.m.s.f.DefaultMavenResourcesFiltering - skip non existing resourceDirectory C:\Users\asada\OneDrive\Desktop\workspace-academy-java\bptn-java\src\test\resources
2024-09-25 08:02:34,149 [Worker-190: Building] INFO  o.a.m.s.f.DefaultMavenResourcesFiltering - skip non existing resourceDirectory C:\Users\asada\OneDrive\Desktop\workspace-academy-java\bptn-java\src\main\resources
2024-09-25 08:02:34,152 [Worker-190: Building] INFO  o.a.m.s.f.DefaultMavenResourcesFiltering - skip non existing resourceDirectory C:\Users\asada\OneDrive\Desktop\workspace-academy-java\bptn-java\src\test\resources
2024-09-25 08:02:39,787 [Worker-190: Building] INFO  o.a.m.s.f.DefaultMavenResourcesFiltering - skip non existing resourceDirectory C:\Users\asada\OneDrive\Desktop\workspace-academy-java\bptn-java\src\main\resources
2024-09-25 08:02:39,790 [Worker-190: Building] INFO  o.a.m.s.f.DefaultMavenResourcesFiltering - skip non existing resourceDirectory C:\Users\asada\OneDrive\Desktop\workspace-academy-java\bptn-java\src\test\resources
2024-09-25 08:02:51,590 [Worker-194: Building] INFO  o.a.m.s.f.DefaultMavenResourcesFiltering - skip non existing resourceDirectory C:\Users\asada\OneDrive\Desktop\workspace-academy-java\bptn-java\src\main\resources
2024-09-25 08:02:51,593 [Worker-194: Building] INFO  o.a.m.s.f.DefaultMavenResourcesFiltering - skip non existing resourceDirectory C:\Users\asada\OneDrive\Desktop\workspace-academy-java\bptn-java\src\test\resources
2024-09-25 08:03:04,230 [Worker-192: Building] INFO  o.a.m.s.f.DefaultMavenResourcesFiltering - skip non existing resourceDirectory C:\Users\asada\OneDrive\Desktop\workspace-academy-java\bptn-java\src\main\resources
2024-09-25 08:03:04,232 [Worker-192: Building] INFO  o.a.m.s.f.DefaultMavenResourcesFiltering - skip non existing resourceDirectory C:\Users\asada\OneDrive\Desktop\workspace-academy-java\bptn-java\src\test\resources
2024-09-25 08:03:12,309 [Worker-195: Building] INFO  o.a.m.s.f.DefaultMavenResourcesFiltering - skip non existing resourceDirectory C:\Users\asada\OneDrive\Desktop\workspace-academy-java\bptn-java\src\main\resources
2024-09-25 08:03:12,314 [Worker-195: Building] INFO  o.a.m.s.f.DefaultMavenResourcesFiltering - skip non existing resourceDirectory C:\Users\asada\OneDrive\Desktop\workspace-academy-java\bptn-java\src\test\resources
2024-09-25 08:03:14,026 [Worker-192: Building] INFO  o.a.m.s.f.DefaultMavenResourcesFiltering - skip non existing resourceDirectory C:\Users\asada\OneDrive\Desktop\workspace-academy-java\bptn-java\src\main\resources
2024-09-25 08:03:14,028 [Worker-192: Building] INFO  o.a.m.s.f.DefaultMavenResourcesFiltering - skip non existing resourceDirectory C:\Users\asada\OneDrive\Desktop\workspace-academy-java\bptn-java\src\test\resources
2024-09-25 08:03:16,153 [Worker-194: Building] INFO  o.a.m.s.f.DefaultMavenResourcesFiltering - skip non existing resourceDirectory C:\Users\asada\OneDrive\Desktop\workspace-academy-java\bptn-java\src\main\resources
2024-09-25 08:03:16,155 [Worker-194: Building] INFO  o.a.m.s.f.DefaultMavenResourcesFiltering - skip non existing resourceDirectory C:\Users\asada\OneDrive\Desktop\workspace-academy-java\bptn-java\src\test\resources
2024-09-25 08:03:19,269 [Worker-190: Building] INFO  o.a.m.s.f.DefaultMavenResourcesFiltering - skip non existing resourceDirectory C:\Users\asada\OneDrive\Desktop\workspace-academy-java\bptn-java\src\main\resources
2024-09-25 08:03:19,273 [Worker-190: Building] INFO  o.a.m.s.f.DefaultMavenResourcesFiltering - skip non existing resourceDirectory C:\Users\asada\OneDrive\Desktop\workspace-academy-java\bptn-java\src\test\resources
2024-09-25 08:03:20,506 [Worker-192: Building] INFO  o.a.m.s.f.DefaultMavenResourcesFiltering - skip non existing resourceDirectory C:\Users\asada\OneDrive\Desktop\workspace-academy-java\bptn-java\src\main\resources
2024-09-25 08:03:20,509 [Worker-192: Building] INFO  o.a.m.s.f.DefaultMavenResourcesFiltering - skip non existing resourceDirectory C:\Users\asada\OneDrive\Desktop\workspace-academy-java\bptn-java\src\test\resources
2024-09-25 08:03:36,331 [Worker-194: Building] INFO  o.a.m.s.f.DefaultMavenResourcesFiltering - skip non existing resourceDirectory C:\Users\asada\OneDrive\Desktop\workspace-academy-java\bptn-java\src\main\resources
2024-09-25 08:03:36,333 [Worker-194: Building] INFO  o.a.m.s.f.DefaultMavenResourcesFiltering - skip non existing resourceDirectory C:\Users\asada\OneDrive\Desktop\workspace-academy-java\bptn-java\src\test\resources
2024-09-25 08:03:38,816 [Worker-187: Building] INFO  o.a.m.s.f.DefaultMavenResourcesFiltering - skip non existing resourceDirectory C:\Users\asada\OneDrive\Desktop\workspace-academy-java\bptn-java\src\main\resources
2024-09-25 08:03:38,818 [Worker-187: Building] INFO  o.a.m.s.f.DefaultMavenResourcesFiltering - skip non existing resourceDirectory C:\Users\asada\OneDrive\Desktop\workspace-academy-java\bptn-java\src\test\resources
2024-09-25 08:03:40,414 [Worker-193: Building] INFO  o.a.m.s.f.DefaultMavenResourcesFiltering - skip non existing resourceDirectory C:\Users\asada\OneDrive\Desktop\workspace-academy-java\bptn-java\src\main\resources
2024-09-25 08:03:40,416 [Worker-193: Building] INFO  o.a.m.s.f.DefaultMavenResourcesFiltering - skip non existing resourceDirectory C:\Users\asada\OneDrive\Desktop\workspace-academy-java\bptn-java\src\test\resources
2024-09-25 08:03:44,132 [Worker-190: Building] INFO  o.a.m.s.f.DefaultMavenResourcesFiltering - skip non existing resourceDirectory C:\Users\asada\OneDrive\Desktop\workspace-academy-java\bptn-java\src\main\resources
2024-09-25 08:03:44,135 [Worker-190: Building] INFO  o.a.m.s.f.DefaultMavenResourcesFiltering - skip non existing resourceDirectory C:\Users\asada\OneDrive\Desktop\workspace-academy-java\bptn-java\src\test\resources
2024-09-25 08:03:47,780 [Worker-192: Building] INFO  o.a.m.s.f.DefaultMavenResourcesFiltering - skip non existing resourceDirectory C:\Users\asada\OneDrive\Desktop\workspace-academy-java\bptn-java\src\main\resources
2024-09-25 08:03:47,784 [Worker-192: Building] INFO  o.a.m.s.f.DefaultMavenResourcesFiltering - skip non existing resourceDirectory C:\Users\asada\OneDrive\Desktop\workspace-academy-java\bptn-java\src\test\resources
2024-09-25 08:04:02,894 [Worker-190: Building] INFO  o.a.m.s.f.DefaultMavenResourcesFiltering - skip non existing resourceDirectory C:\Users\asada\OneDrive\Desktop\workspace-academy-java\bptn-java\src\main\resources
2024-09-25 08:04:02,897 [Worker-190: Building] INFO  o.a.m.s.f.DefaultMavenResourcesFiltering - skip non existing resourceDirectory C:\Users\asada\OneDrive\Desktop\workspace-academy-java\bptn-java\src\test\resources
2024-09-25 08:04:10,969 [Worker-190: Building] INFO  o.a.m.s.f.DefaultMavenResourcesFiltering - skip non existing resourceDirectory C:\Users\asada\OneDrive\Desktop\workspace-academy-java\bptn-java\src\main\resources
2024-09-25 08:04:10,974 [Worker-190: Building] INFO  o.a.m.s.f.DefaultMavenResourcesFiltering - skip non existing resourceDirectory C:\Users\asada\OneDrive\Desktop\workspace-academy-java\bptn-java\src\test\resources
2024-09-25 08:04:14,340 [Worker-195: Building] INFO  o.a.m.s.f.DefaultMavenResourcesFiltering - skip non existing resourceDirectory C:\Users\asada\OneDrive\Desktop\workspace-academy-java\bptn-java\src\main\resources
2024-09-25 08:04:14,344 [Worker-195: Building] INFO  o.a.m.s.f.DefaultMavenResourcesFiltering - skip non existing resourceDirectory C:\Users\asada\OneDrive\Desktop\workspace-academy-java\bptn-java\src\test\resources
2024-09-25 08:04:16,325 [Worker-192: Building] INFO  o.a.m.s.f.DefaultMavenResourcesFiltering - skip non existing resourceDirectory C:\Users\asada\OneDrive\Desktop\workspace-academy-java\bptn-java\src\main\resources
2024-09-25 08:04:16,327 [Worker-192: Building] INFO  o.a.m.s.f.DefaultMavenResourcesFiltering - skip non existing resourceDirectory C:\Users\asada\OneDrive\Desktop\workspace-academy-java\bptn-java\src\test\resources
2024-09-25 08:04:22,641 [Worker-193: Building] INFO  o.a.m.s.f.DefaultMavenResourcesFiltering - skip non existing resourceDirectory C:\Users\asada\OneDrive\Desktop\workspace-academy-java\bptn-java\src\main\resources
2024-09-25 08:04:22,643 [Worker-193: Building] INFO  o.a.m.s.f.DefaultMavenResourcesFiltering - skip non existing resourceDirectory C:\Users\asada\OneDrive\Desktop\workspace-academy-java\bptn-java\src\test\resources
2024-09-25 08:04:25,151 [Worker-190: Building] INFO  o.a.m.s.f.DefaultMavenResourcesFiltering - skip non existing resourceDirectory C:\Users\asada\OneDrive\Desktop\workspace-academy-java\bptn-java\src\main\resources
2024-09-25 08:04:25,154 [Worker-190: Building] INFO  o.a.m.s.f.DefaultMavenResourcesFiltering - skip non existing resourceDirectory C:\Users\asada\OneDrive\Desktop\workspace-academy-java\bptn-java\src\test\resources
2024-09-25 08:04:27,688 [Worker-195: Building] INFO  o.a.m.s.f.DefaultMavenResourcesFiltering - skip non existing resourceDirectory C:\Users\asada\OneDrive\Desktop\workspace-academy-java\bptn-java\src\main\resources
2024-09-25 08:04:27,690 [Worker-195: Building] INFO  o.a.m.s.f.DefaultMavenResourcesFiltering - skip non existing resourceDirectory C:\Users\asada\OneDrive\Desktop\workspace-academy-java\bptn-java\src\test\resources
2024-09-25 08:04:34,380 [Worker-195: Building] INFO  o.a.m.s.f.DefaultMavenResourcesFiltering - skip non existing resourceDirectory C:\Users\asada\OneDrive\Desktop\workspace-academy-java\bptn-java\src\main\resources
2024-09-25 08:04:34,382 [Worker-195: Building] INFO  o.a.m.s.f.DefaultMavenResourcesFiltering - skip non existing resourceDirectory C:\Users\asada\OneDrive\Desktop\workspace-academy-java\bptn-java\src\test\resources
2024-09-25 08:04:38,080 [Worker-187: Building] INFO  o.a.m.s.f.DefaultMavenResourcesFiltering - skip non existing resourceDirectory C:\Users\asada\OneDrive\Desktop\workspace-academy-java\bptn-java\src\main\resources
2024-09-25 08:04:38,082 [Worker-187: Building] INFO  o.a.m.s.f.DefaultMavenResourcesFiltering - skip non existing resourceDirectory C:\Users\asada\OneDrive\Desktop\workspace-academy-java\bptn-java\src\test\resources
2024-09-25 08:04:45,286 [Worker-193: Building] INFO  o.a.m.s.f.DefaultMavenResourcesFiltering - skip non existing resourceDirectory C:\Users\asada\OneDrive\Desktop\workspace-academy-java\bptn-java\src\main\resources
2024-09-25 08:04:45,288 [Worker-193: Building] INFO  o.a.m.s.f.DefaultMavenResourcesFiltering - skip non existing resourceDirectory C:\Users\asada\OneDrive\Desktop\workspace-academy-java\bptn-java\src\test\resources
2024-09-25 08:04:48,309 [Worker-190: Building] INFO  o.a.m.s.f.DefaultMavenResourcesFiltering - skip non existing resourceDirectory C:\Users\asada\OneDrive\Desktop\workspace-academy-java\bptn-java\src\main\resources
2024-09-25 08:04:48,312 [Worker-190: Building] INFO  o.a.m.s.f.DefaultMavenResourcesFiltering - skip non existing resourceDirectory C:\Users\asada\OneDrive\Desktop\workspace-academy-java\bptn-java\src\test\resources
2024-09-25 08:04:53,696 [Worker-194: Building] INFO  o.a.m.s.f.DefaultMavenResourcesFiltering - skip non existing resourceDirectory C:\Users\asada\OneDrive\Desktop\workspace-academy-java\bptn-java\src\main\resources
2024-09-25 08:04:53,699 [Worker-194: Building] INFO  o.a.m.s.f.DefaultMavenResourcesFiltering - skip non existing resourceDirectory C:\Users\asada\OneDrive\Desktop\workspace-academy-java\bptn-java\src\test\resources
2024-09-25 08:05:43,154 [Worker-195: Building] INFO  o.a.m.s.f.DefaultMavenResourcesFiltering - skip non existing resourceDirectory C:\Users\asada\OneDrive\Desktop\workspace-academy-java\bptn-java\src\main\resources
2024-09-25 08:05:43,157 [Worker-195: Building] INFO  o.a.m.s.f.DefaultMavenResourcesFiltering - skip non existing resourceDirectory C:\Users\asada\OneDrive\Desktop\workspace-academy-java\bptn-java\src\test\resources
